<?xml version="1.0" encoding="UTF-8"?>
<!-- Generated by org.testng.reporters.JUnitXMLReporter -->
<testsuite ignored="1" hostname="LAPTOP-V8HO2LFD" failures="1" tests="1" name="Default test(failed)" time="0.086" errors="0" timestamp="2022-02-18T09:25:12 IST">
  <testcase classname="TestNG.Demo" name="a" time="0.014">
    <failure type="java.lang.ArithmeticException" message="/ by zero">
      <![CDATA[java.lang.ArithmeticException: / by zero
at TestNG.Demo.a(Demo.java:23)
at java.base/java.util.ArrayList.forEach(ArrayList.java:1511)
... Removed 27 stack frames]]>
    </failure>
  </testcase> <!-- a -->
  <testcase classname="TestNG.Demo" name="b" time="0.0">
    <ignored/>
  </testcase> <!-- b -->
</testsuite> <!-- Default test(failed) -->
