<?xml version="1.0" encoding="UTF-8"?>
<!-- Generated by org.testng.reporters.JUnitXMLReporter -->
<testsuite ignored="0" hostname="LAPTOP-V8HO2LFD" failures="0" tests="4" name="Test" time="141.706" errors="0" timestamp="2022-02-23T10:09:53 IST">
  <testcase classname="TestNgParallelExecution.Class4" name="test1" time="21.285"/>
  <testcase classname="TestNgParallelExecution.Class3" name="test3" time="21.357"/>
  <testcase classname="TestNgParallelExecution.Class2" name="test2" time="23.383"/>
  <testcase classname="TestNgParallelExecution.Class1" name="test1" time="25.135"/>
</testsuite> <!-- Test -->
