<?xml version="1.0" encoding="UTF-8"?>
<!-- Generated by org.testng.reporters.JUnitXMLReporter -->
<testsuite ignored="0" hostname="LAPTOP-V8HO2LFD" failures="1" tests="1" name="Default test" time="18.445" errors="0" timestamp="2022-03-01T23:26:21 IST">
  <testcase classname="com.mystore.testcases.LoginPageTest" name="loginTest" time="0.082">
    <failure type="java.lang.StackOverflowError">
      <![CDATA[java.lang.StackOverflowError
at com.mystore.utility.Log.info(Log.java:22)
at com.mystore.utility.Log.info(Log.java:22)
at com.mystore.utility.Log.info(Log.java:22)
at com.mystore.utility.Log.info(Log.java:22)
at com.mystore.utility.Log.info(Log.java:22)
at com.mystore.utility.Log.info(Log.java:22)
at com.mystore.utility.Log.info(Log.java:22)
at com.mystore.utility.Log.info(Log.java:22)
at com.mystore.utility.Log.info(Log.java:22)
at com.mystore.utility.Log.info(Log.java:22)
at com.mystore.utility.Log.info(Log.java:22)
at com.mystore.utility.Log.info(Log.java:22)
at com.mystore.utility.Log.info(Log.java:22)
at com.mystore.utility.Log.info(Log.java:22)
at com.mystore.utility.Log.info(Log.java:22)
at com.mystore.utility.Log.info(Log.java:22)
at com.mystore.utility.Log.info(Log.java:22)
at com.mystore.utility.Log.info(Log.java:22)
at com.mystore.utility.Log.info(Log.java:22)
at com.mystore.utility.Log.info(Log.java:22)
at com.mystore.utility.Log.info(Log.java:22)
at com.mystore.utility.Log.info(Log.java:22)
at com.mystore.utility.Log.info(Log.java:22)
at com.mystore.utility.Log.info(Log.java:22)
at com.mystore.utility.Log.info(Log.java:22)
at com.mystore.utility.Log.info(Log.java:22)
at com.mystore.utility.Log.info(Log.java:22)
at com.mystore.utility.Log.info(Log.java:22)
at com.mystore.utility.Log.info(Log.java:22)
at com.mystore.utility.Log.info(Log.java:22)
at com.mystore.utility.Log.info(Log.java:22)
at com.mystore.utility.Log.info(Log.java:22)
at com.mystore.utility.Log.info(Log.java:22)
at com.mystore.utility.Log.info(Log.java:22)
at com.mystore.utility.Log.info(Log.java:22)
at com.mystore.utility.Log.info(Log.java:22)
at com.mystore.utility.Log.info(Log.java:22)
at com.mystore.utility.Log.info(Log.java:22)
at com.mystore.utility.Log.info(Log.java:22)
at com.mystore.utility.Log.info(Log.java:22)
at com.mystore.utility.Log.info(Log.java:22)
at com.mystore.utility.Log.info(Log.java:22)
at com.mystore.utility.Log.info(Log.java:22)
at com.mystore.utility.Log.info(Log.java:22)
at com.mystore.utility.Log.info(Log.java:22)
at com.mystore.utility.Log.info(Log.java:22)
at com.mystore.utility.Log.info(Log.java:22)
at com.mystore.utility.Log.info(Log.java:22)
at com.mystore.utility.Log.info(Log.java:22)
at com.mystore.utility.Log.info(Log.java:22)
at com.mystore.utility.Log.info(Log.java:22)
at com.mystore.utility.Log.info(Log.java:22)
at com.mystore.utility.Log.info(Log.java:22)
at com.mystore.utility.Log.info(Log.java:22)
at com.mystore.utility.Log.info(Log.java:22)
at com.mystore.utility.Log.info(Log.java:22)
at com.mystore.utility.Log.info(Log.java:22)
at com.mystore.utility.Log.info(Log.java:22)
at com.mystore.utility.Log.info(Log.java:22)
at com.mystore.utility.Log.info(Log.java:22)
at com.mystore.utility.Log.info(Log.java:22)
at com.mystore.utility.Log.info(Log.java:22)
at com.mystore.utility.Log.info(Log.java:22)
at com.mystore.utility.Log.info(Log.java:22)
at com.mystore.utility.Log.info(Log.java:22)
at com.mystore.utility.Log.info(Log.java:22)
at com.mystore.utility.Log.info(Log.java:22)
at com.mystore.utility.Log.info(Log.java:22)
at com.mystore.utility.Log.info(Log.java:22)
at com.mystore.utility.Log.info(Log.java:22)
at com.mystore.utility.Log.info(Log.java:22)
at com.mystore.utility.Log.info(Log.java:22)
at com.mystore.utility.Log.info(Log.java:22)
at com.mystore.utility.Log.info(Log.java:22)
at com.mystore.utility.Log.info(Log.java:22)
at com.mystore.utility.Log.info(Log.java:22)
at com.mystore.utility.Log.info(Log.java:22)
at com.mystore.utility.Log.info(Log.java:22)
at com.mystore.utility.Log.info(Log.java:22)
at com.mystore.utility.Log.info(Log.java:22)
at com.mystore.utility.Log.info(Log.java:22)
at com.mystore.utility.Log.info(Log.java:22)
at com.mystore.utility.Log.info(Log.java:22)
at com.mystore.utility.Log.info(Log.java:22)
at com.mystore.utility.Log.info(Log.java:22)
at com.mystore.utility.Log.info(Log.java:22)
at com.mystore.utility.Log.info(Log.java:22)
at com.mystore.utility.Log.info(Log.java:22)
at com.mystore.utility.Log.info(Log.java:22)
at com.mystore.utility.Log.info(Log.java:22)
at com.mystore.utility.Log.info(Log.java:22)
at com.mystore.utility.Log.info(Log.java:22)
at com.mystore.utility.Log.info(Log.java:22)
at com.mystore.utility.Log.info(Log.java:22)
at com.mystore.utility.Log.info(Log.java:22)
at com.mystore.utility.Log.info(Log.java:22)
at com.mystore.utility.Log.info(Log.java:22)
at com.mystore.utility.Log.info(Log.java:22)
at com.mystore.utility.Log.info(Log.java:22)
at com.mystore.utility.Log.info(Log.java:22)
at com.mystore.utility.Log.info(Log.java:22)
at com.mystore.utility.Log.info(Log.java:22)
at com.mystore.utility.Log.info(Log.java:22)
at com.mystore.utility.Log.info(Log.java:22)
at com.mystore.utility.Log.info(Log.java:22)
at com.mystore.utility.Log.info(Log.java:22)
at com.mystore.utility.Log.info(Log.java:22)
at com.mystore.utility.Log.info(Log.java:22)
at com.mystore.utility.Log.info(Log.java:22)
at com.mystore.utility.Log.info(Log.java:22)
at com.mystore.utility.Log.info(Log.java:22)
at com.mystore.utility.Log.info(Log.java:22)
at com.mystore.utility.Log.info(Log.java:22)
at com.mystore.utility.Log.info(Log.java:22)
at com.mystore.utility.Log.info(Log.java:22)
at com.mystore.utility.Log.info(Log.java:22)
at com.mystore.utility.Log.info(Log.java:22)
at com.mystore.utility.Log.info(Log.java:22)
at com.mystore.utility.Log.info(Log.java:22)
at com.mystore.utility.Log.info(Log.java:22)
at com.mystore.utility.Log.info(Log.java:22)
at com.mystore.utility.Log.info(Log.java:22)
at com.mystore.utility.Log.info(Log.java:22)
at com.mystore.utility.Log.info(Log.java:22)
at com.mystore.utility.Log.info(Log.java:22)
at com.mystore.utility.Log.info(Log.java:22)
at com.mystore.utility.Log.info(Log.java:22)
at com.mystore.utility.Log.info(Log.java:22)
at com.mystore.utility.Log.info(Log.java:22)
at com.mystore.utility.Log.info(Log.java:22)
at com.mystore.utility.Log.info(Log.java:22)
at com.mystore.utility.Log.info(Log.java:22)
at com.mystore.utility.Log.info(Log.java:22)
at com.mystore.utility.Log.info(Log.java:22)
at com.mystore.utility.Log.info(Log.java:22)
at com.mystore.utility.Log.info(Log.java:22)
at com.mystore.utility.Log.info(Log.java:22)
at com.mystore.utility.Log.info(Log.java:22)
at com.mystore.utility.Log.info(Log.java:22)
at com.mystore.utility.Log.info(Log.java:22)
at com.mystore.utility.Log.info(Log.java:22)
at com.mystore.utility.Log.info(Log.java:22)
at com.mystore.utility.Log.info(Log.java:22)
at com.mystore.utility.Log.info(Log.java:22)
at com.mystore.utility.Log.info(Log.java:22)
at com.mystore.utility.Log.info(Log.java:22)
at com.mystore.utility.Log.info(Log.java:22)
at com.mystore.utility.Log.info(Log.java:22)
at com.mystore.utility.Log.info(Log.java:22)
at com.mystore.utility.Log.info(Log.java:22)
at com.mystore.utility.Log.info(Log.java:22)
at com.mystore.utility.Log.info(Log.java:22)
at com.mystore.utility.Log.info(Log.java:22)
at com.mystore.utility.Log.info(Log.java:22)
at com.mystore.utility.Log.info(Log.java:22)
at com.mystore.utility.Log.info(Log.java:22)
at com.mystore.utility.Log.info(Log.java:22)
at com.mystore.utility.Log.info(Log.java:22)
at com.mystore.utility.Log.info(Log.java:22)
at com.mystore.utility.Log.info(Log.java:22)
at com.mystore.utility.Log.info(Log.java:22)
at com.mystore.utility.Log.info(Log.java:22)
at com.mystore.utility.Log.info(Log.java:22)
at com.mystore.utility.Log.info(Log.java:22)
at com.mystore.utility.Log.info(Log.java:22)
at com.mystore.utility.Log.info(Log.java:22)
at com.mystore.utility.Log.info(Log.java:22)
at com.mystore.utility.Log.info(Log.java:22)
at com.mystore.utility.Log.info(Log.java:22)
at com.mystore.utility.Log.info(Log.java:22)
at com.mystore.utility.Log.info(Log.java:22)
at com.mystore.utility.Log.info(Log.java:22)
at com.mystore.utility.Log.info(Log.java:22)
at com.mystore.utility.Log.info(Log.java:22)
at com.mystore.utility.Log.info(Log.java:22)
at com.mystore.utility.Log.info(Log.java:22)
at com.mystore.utility.Log.info(Log.java:22)
at com.mystore.utility.Log.info(Log.java:22)
at com.mystore.utility.Log.info(Log.java:22)
at com.mystore.utility.Log.info(Log.java:22)
at com.mystore.utility.Log.info(Log.java:22)
at com.mystore.utility.Log.info(Log.java:22)
at com.mystore.utility.Log.info(Log.java:22)
at com.mystore.utility.Log.info(Log.java:22)
at com.mystore.utility.Log.info(Log.java:22)
at com.mystore.utility.Log.info(Log.java:22)
at com.mystore.utility.Log.info(Log.java:22)
at com.mystore.utility.Log.info(Log.java:22)
at com.mystore.utility.Log.info(Log.java:22)
at com.mystore.utility.Log.info(Log.java:22)
at com.mystore.utility.Log.info(Log.java:22)
at com.mystore.utility.Log.info(Log.java:22)
at com.mystore.utility.Log.info(Log.java:22)
at com.mystore.utility.Log.info(Log.java:22)
at com.mystore.utility.Log.info(Log.java:22)
at com.mystore.utility.Log.info(Log.java:22)
at com.mystore.utility.Log.info(Log.java:22)
at com.mystore.utility.Log.info(Log.java:22)
at com.mystore.utility.Log.info(Log.java:22)
at com.mystore.utility.Log.info(Log.java:22)
at com.mystore.utility.Log.info(Log.java:22)
at com.mystore.utility.Log.info(Log.java:22)
at com.mystore.utility.Log.info(Log.java:22)
at com.mystore.utility.Log.info(Log.java:22)
at com.mystore.utility.Log.info(Log.java:22)
at com.mystore.utility.Log.info(Log.java:22)
at com.mystore.utility.Log.info(Log.java:22)
at com.mystore.utility.Log.info(Log.java:22)
at com.mystore.utility.Log.info(Log.java:22)
at com.mystore.utility.Log.info(Log.java:22)
at com.mystore.utility.Log.info(Log.java:22)
at com.mystore.utility.Log.info(Log.java:22)
at com.mystore.utility.Log.info(Log.java:22)
at com.mystore.utility.Log.info(Log.java:22)
at com.mystore.utility.Log.info(Log.java:22)
at com.mystore.utility.Log.info(Log.java:22)
at com.mystore.utility.Log.info(Log.java:22)
at com.mystore.utility.Log.info(Log.java:22)
at com.mystore.utility.Log.info(Log.java:22)
at com.mystore.utility.Log.info(Log.java:22)
at com.mystore.utility.Log.info(Log.java:22)
at com.mystore.utility.Log.info(Log.java:22)
at com.mystore.utility.Log.info(Log.java:22)
at com.mystore.utility.Log.info(Log.java:22)
at com.mystore.utility.Log.info(Log.java:22)
at com.mystore.utility.Log.info(Log.java:22)
at com.mystore.utility.Log.info(Log.java:22)
at com.mystore.utility.Log.info(Log.java:22)
at com.mystore.utility.Log.info(Log.java:22)
at com.mystore.utility.Log.info(Log.java:22)
at com.mystore.utility.Log.info(Log.java:22)
at com.mystore.utility.Log.info(Log.java:22)
at com.mystore.utility.Log.info(Log.java:22)
at com.mystore.utility.Log.info(Log.java:22)
at com.mystore.utility.Log.info(Log.java:22)
at com.mystore.utility.Log.info(Log.java:22)
at com.mystore.utility.Log.info(Log.java:22)
at com.mystore.utility.Log.info(Log.java:22)
at com.mystore.utility.Log.info(Log.java:22)
at com.mystore.utility.Log.info(Log.java:22)
at com.mystore.utility.Log.info(Log.java:22)
at com.mystore.utility.Log.info(Log.java:22)
at com.mystore.utility.Log.info(Log.java:22)
at com.mystore.utility.Log.info(Log.java:22)
at com.mystore.utility.Log.info(Log.java:22)
at com.mystore.utility.Log.info(Log.java:22)
at com.mystore.utility.Log.info(Log.java:22)
at com.mystore.utility.Log.info(Log.java:22)
at com.mystore.utility.Log.info(Log.java:22)
at com.mystore.utility.Log.info(Log.java:22)
at com.mystore.utility.Log.info(Log.java:22)
at com.mystore.utility.Log.info(Log.java:22)
at com.mystore.utility.Log.info(Log.java:22)
at com.mystore.utility.Log.info(Log.java:22)
at com.mystore.utility.Log.info(Log.java:22)
at com.mystore.utility.Log.info(Log.java:22)
at com.mystore.utility.Log.info(Log.java:22)
at com.mystore.utility.Log.info(Log.java:22)
at com.mystore.utility.Log.info(Log.java:22)
at com.mystore.utility.Log.info(Log.java:22)
at com.mystore.utility.Log.info(Log.java:22)
at com.mystore.utility.Log.info(Log.java:22)
at com.mystore.utility.Log.info(Log.java:22)
at com.mystore.utility.Log.info(Log.java:22)
at com.mystore.utility.Log.info(Log.java:22)
at com.mystore.utility.Log.info(Log.java:22)
at com.mystore.utility.Log.info(Log.java:22)
at com.mystore.utility.Log.info(Log.java:22)
at com.mystore.utility.Log.info(Log.java:22)
at com.mystore.utility.Log.info(Log.java:22)
at com.mystore.utility.Log.info(Log.java:22)
at com.mystore.utility.Log.info(Log.java:22)
at com.mystore.utility.Log.info(Log.java:22)
at com.mystore.utility.Log.info(Log.java:22)
at com.mystore.utility.Log.info(Log.java:22)
at com.mystore.utility.Log.info(Log.java:22)
at com.mystore.utility.Log.info(Log.java:22)
at com.mystore.utility.Log.info(Log.java:22)
at com.mystore.utility.Log.info(Log.java:22)
at com.mystore.utility.Log.info(Log.java:22)
at com.mystore.utility.Log.info(Log.java:22)
at com.mystore.utility.Log.info(Log.java:22)
at com.mystore.utility.Log.info(Log.java:22)
at com.mystore.utility.Log.info(Log.java:22)
at com.mystore.utility.Log.info(Log.java:22)
at com.mystore.utility.Log.info(Log.java:22)
at com.mystore.utility.Log.info(Log.java:22)
at com.mystore.utility.Log.info(Log.java:22)
at com.mystore.utility.Log.info(Log.java:22)
at com.mystore.utility.Log.info(Log.java:22)
at com.mystore.utility.Log.info(Log.java:22)
at com.mystore.utility.Log.info(Log.java:22)
at com.mystore.utility.Log.info(Log.java:22)
at com.mystore.utility.Log.info(Log.java:22)
at com.mystore.utility.Log.info(Log.java:22)
at com.mystore.utility.Log.info(Log.java:22)
at com.mystore.utility.Log.info(Log.java:22)
at com.mystore.utility.Log.info(Log.java:22)
at com.mystore.utility.Log.info(Log.java:22)
at com.mystore.utility.Log.info(Log.java:22)
at com.mystore.utility.Log.info(Log.java:22)
at com.mystore.utility.Log.info(Log.java:22)
at com.mystore.utility.Log.info(Log.java:22)
at com.mystore.utility.Log.info(Log.java:22)
at com.mystore.utility.Log.info(Log.java:22)
at com.mystore.utility.Log.info(Log.java:22)
at com.mystore.utility.Log.info(Log.java:22)
at com.mystore.utility.Log.info(Log.java:22)
at com.mystore.utility.Log.info(Log.java:22)
at com.mystore.utility.Log.info(Log.java:22)
at com.mystore.utility.Log.info(Log.java:22)
at com.mystore.utility.Log.info(Log.java:22)
at com.mystore.utility.Log.info(Log.java:22)
at com.mystore.utility.Log.info(Log.java:22)
at com.mystore.utility.Log.info(Log.java:22)
at com.mystore.utility.Log.info(Log.java:22)
at com.mystore.utility.Log.info(Log.java:22)
at com.mystore.utility.Log.info(Log.java:22)
at com.mystore.utility.Log.info(Log.java:22)
at com.mystore.utility.Log.info(Log.java:22)
at com.mystore.utility.Log.info(Log.java:22)
at com.mystore.utility.Log.info(Log.java:22)
at com.mystore.utility.Log.info(Log.java:22)
at com.mystore.utility.Log.info(Log.java:22)
at com.mystore.utility.Log.info(Log.java:22)
at com.mystore.utility.Log.info(Log.java:22)
at com.mystore.utility.Log.info(Log.java:22)
at com.mystore.utility.Log.info(Log.java:22)
at com.mystore.utility.Log.info(Log.java:22)
at com.mystore.utility.Log.info(Log.java:22)
at com.mystore.utility.Log.info(Log.java:22)
at com.mystore.utility.Log.info(Log.java:22)
at com.mystore.utility.Log.info(Log.java:22)
at com.mystore.utility.Log.info(Log.java:22)
at com.mystore.utility.Log.info(Log.java:22)
at com.mystore.utility.Log.info(Log.java:22)
at com.mystore.utility.Log.info(Log.java:22)
at com.mystore.utility.Log.info(Log.java:22)
at com.mystore.utility.Log.info(Log.java:22)
at com.mystore.utility.Log.info(Log.java:22)
at com.mystore.utility.Log.info(Log.java:22)
at com.mystore.utility.Log.info(Log.java:22)
at com.mystore.utility.Log.info(Log.java:22)
at com.mystore.utility.Log.info(Log.java:22)
at com.mystore.utility.Log.info(Log.java:22)
at com.mystore.utility.Log.info(Log.java:22)
at com.mystore.utility.Log.info(Log.java:22)
at com.mystore.utility.Log.info(Log.java:22)
at com.mystore.utility.Log.info(Log.java:22)
at com.mystore.utility.Log.info(Log.java:22)
at com.mystore.utility.Log.info(Log.java:22)
at com.mystore.utility.Log.info(Log.java:22)
at com.mystore.utility.Log.info(Log.java:22)
at com.mystore.utility.Log.info(Log.java:22)
at com.mystore.utility.Log.info(Log.java:22)
at com.mystore.utility.Log.info(Log.java:22)
at com.mystore.utility.Log.info(Log.java:22)
at com.mystore.utility.Log.info(Log.java:22)
at com.mystore.utility.Log.info(Log.java:22)
at com.mystore.utility.Log.info(Log.java:22)
at com.mystore.utility.Log.info(Log.java:22)
at com.mystore.utility.Log.info(Log.java:22)
at com.mystore.utility.Log.info(Log.java:22)
at com.mystore.utility.Log.info(Log.java:22)
at com.mystore.utility.Log.info(Log.java:22)
at com.mystore.utility.Log.info(Log.java:22)
at com.mystore.utility.Log.info(Log.java:22)
at com.mystore.utility.Log.info(Log.java:22)
at com.mystore.utility.Log.info(Log.java:22)
at com.mystore.utility.Log.info(Log.java:22)
at com.mystore.utility.Log.info(Log.java:22)
at com.mystore.utility.Log.info(Log.java:22)
at com.mystore.utility.Log.info(Log.java:22)
at com.mystore.utility.Log.info(Log.java:22)
at com.mystore.utility.Log.info(Log.java:22)
at com.mystore.utility.Log.info(Log.java:22)
at com.mystore.utility.Log.info(Log.java:22)
at com.mystore.utility.Log.info(Log.java:22)
at com.mystore.utility.Log.info(Log.java:22)
at com.mystore.utility.Log.info(Log.java:22)
at com.mystore.utility.Log.info(Log.java:22)
at com.mystore.utility.Log.info(Log.java:22)
at com.mystore.utility.Log.info(Log.java:22)
at com.mystore.utility.Log.info(Log.java:22)
at com.mystore.utility.Log.info(Log.java:22)
at com.mystore.utility.Log.info(Log.java:22)
at com.mystore.utility.Log.info(Log.java:22)
at com.mystore.utility.Log.info(Log.java:22)
at com.mystore.utility.Log.info(Log.java:22)
at com.mystore.utility.Log.info(Log.java:22)
at com.mystore.utility.Log.info(Log.java:22)
at com.mystore.utility.Log.info(Log.java:22)
at com.mystore.utility.Log.info(Log.java:22)
at com.mystore.utility.Log.info(Log.java:22)
at com.mystore.utility.Log.info(Log.java:22)
at com.mystore.utility.Log.info(Log.java:22)
at com.mystore.utility.Log.info(Log.java:22)
at com.mystore.utility.Log.info(Log.java:22)
at com.mystore.utility.Log.info(Log.java:22)
at com.mystore.utility.Log.info(Log.java:22)
at com.mystore.utility.Log.info(Log.java:22)
at com.mystore.utility.Log.info(Log.java:22)
at com.mystore.utility.Log.info(Log.java:22)
at com.mystore.utility.Log.info(Log.java:22)
at com.mystore.utility.Log.info(Log.java:22)
at com.mystore.utility.Log.info(Log.java:22)
at com.mystore.utility.Log.info(Log.java:22)
at com.mystore.utility.Log.info(Log.java:22)
at com.mystore.utility.Log.info(Log.java:22)
at com.mystore.utility.Log.info(Log.java:22)
at com.mystore.utility.Log.info(Log.java:22)
at com.mystore.utility.Log.info(Log.java:22)
at com.mystore.utility.Log.info(Log.java:22)
at com.mystore.utility.Log.info(Log.java:22)
at com.mystore.utility.Log.info(Log.java:22)
at com.mystore.utility.Log.info(Log.java:22)
at com.mystore.utility.Log.info(Log.java:22)
at com.mystore.utility.Log.info(Log.java:22)
at com.mystore.utility.Log.info(Log.java:22)
at com.mystore.utility.Log.info(Log.java:22)
at com.mystore.utility.Log.info(Log.java:22)
at com.mystore.utility.Log.info(Log.java:22)
at com.mystore.utility.Log.info(Log.java:22)
at com.mystore.utility.Log.info(Log.java:22)
at com.mystore.utility.Log.info(Log.java:22)
at com.mystore.utility.Log.info(Log.java:22)
at com.mystore.utility.Log.info(Log.java:22)
at com.mystore.utility.Log.info(Log.java:22)
at com.mystore.utility.Log.info(Log.java:22)
at com.mystore.utility.Log.info(Log.java:22)
at com.mystore.utility.Log.info(Log.java:22)
at com.mystore.utility.Log.info(Log.java:22)
at com.mystore.utility.Log.info(Log.java:22)
at com.mystore.utility.Log.info(Log.java:22)
at com.mystore.utility.Log.info(Log.java:22)
at com.mystore.utility.Log.info(Log.java:22)
at com.mystore.utility.Log.info(Log.java:22)
at com.mystore.utility.Log.info(Log.java:22)
at com.mystore.utility.Log.info(Log.java:22)
at com.mystore.utility.Log.info(Log.java:22)
at com.mystore.utility.Log.info(Log.java:22)
at com.mystore.utility.Log.info(Log.java:22)
at com.mystore.utility.Log.info(Log.java:22)
at com.mystore.utility.Log.info(Log.java:22)
at com.mystore.utility.Log.info(Log.java:22)
at com.mystore.utility.Log.info(Log.java:22)
at com.mystore.utility.Log.info(Log.java:22)
at com.mystore.utility.Log.info(Log.java:22)
at com.mystore.utility.Log.info(Log.java:22)
at com.mystore.utility.Log.info(Log.java:22)
at com.mystore.utility.Log.info(Log.java:22)
at com.mystore.utility.Log.info(Log.java:22)
at com.mystore.utility.Log.info(Log.java:22)
at com.mystore.utility.Log.info(Log.java:22)
at com.mystore.utility.Log.info(Log.java:22)
at com.mystore.utility.Log.info(Log.java:22)
at com.mystore.utility.Log.info(Log.java:22)
at com.mystore.utility.Log.info(Log.java:22)
at com.mystore.utility.Log.info(Log.java:22)
at com.mystore.utility.Log.info(Log.java:22)
at com.mystore.utility.Log.info(Log.java:22)
at com.mystore.utility.Log.info(Log.java:22)
at com.mystore.utility.Log.info(Log.java:22)
at com.mystore.utility.Log.info(Log.java:22)
at com.mystore.utility.Log.info(Log.java:22)
at com.mystore.utility.Log.info(Log.java:22)
at com.mystore.utility.Log.info(Log.java:22)
at com.mystore.utility.Log.info(Log.java:22)
at com.mystore.utility.Log.info(Log.java:22)
at com.mystore.utility.Log.info(Log.java:22)
at com.mystore.utility.Log.info(Log.java:22)
at com.mystore.utility.Log.info(Log.java:22)
at com.mystore.utility.Log.info(Log.java:22)
at com.mystore.utility.Log.info(Log.java:22)
at com.mystore.utility.Log.info(Log.java:22)
at com.mystore.utility.Log.info(Log.java:22)
at com.mystore.utility.Log.info(Log.java:22)
at com.mystore.utility.Log.info(Log.java:22)
at com.mystore.utility.Log.info(Log.java:22)
at com.mystore.utility.Log.info(Log.java:22)
at com.mystore.utility.Log.info(Log.java:22)
at com.mystore.utility.Log.info(Log.java:22)
at com.mystore.utility.Log.info(Log.java:22)
at com.mystore.utility.Log.info(Log.java:22)
at com.mystore.utility.Log.info(Log.java:22)
at com.mystore.utility.Log.info(Log.java:22)
at com.mystore.utility.Log.info(Log.java:22)
at com.mystore.utility.Log.info(Log.java:22)
at com.mystore.utility.Log.info(Log.java:22)
at com.mystore.utility.Log.info(Log.java:22)
at com.mystore.utility.Log.info(Log.java:22)
at com.mystore.utility.Log.info(Log.java:22)
at com.mystore.utility.Log.info(Log.java:22)
at com.mystore.utility.Log.info(Log.java:22)
at com.mystore.utility.Log.info(Log.java:22)
at com.mystore.utility.Log.info(Log.java:22)
at com.mystore.utility.Log.info(Log.java:22)
at com.mystore.utility.Log.info(Log.java:22)
at com.mystore.utility.Log.info(Log.java:22)
at com.mystore.utility.Log.info(Log.java:22)
at com.mystore.utility.Log.info(Log.java:22)
at com.mystore.utility.Log.info(Log.java:22)
at com.mystore.utility.Log.info(Log.java:22)
at com.mystore.utility.Log.info(Log.java:22)
at com.mystore.utility.Log.info(Log.java:22)
at com.mystore.utility.Log.info(Log.java:22)
at com.mystore.utility.Log.info(Log.java:22)
at com.mystore.utility.Log.info(Log.java:22)
at com.mystore.utility.Log.info(Log.java:22)
at com.mystore.utility.Log.info(Log.java:22)
at com.mystore.utility.Log.info(Log.java:22)
at com.mystore.utility.Log.info(Log.java:22)
at com.mystore.utility.Log.info(Log.java:22)
at com.mystore.utility.Log.info(Log.java:22)
at com.mystore.utility.Log.info(Log.java:22)
at com.mystore.utility.Log.info(Log.java:22)
at com.mystore.utility.Log.info(Log.java:22)
at com.mystore.utility.Log.info(Log.java:22)
at com.mystore.utility.Log.info(Log.java:22)
at com.mystore.utility.Log.info(Log.java:22)
at com.mystore.utility.Log.info(Log.java:22)
at com.mystore.utility.Log.info(Log.java:22)
at com.mystore.utility.Log.info(Log.java:22)
at com.mystore.utility.Log.info(Log.java:22)
at com.mystore.utility.Log.info(Log.java:22)
at com.mystore.utility.Log.info(Log.java:22)
at com.mystore.utility.Log.info(Log.java:22)
at com.mystore.utility.Log.info(Log.java:22)
at com.mystore.utility.Log.info(Log.java:22)
at com.mystore.utility.Log.info(Log.java:22)
at com.mystore.utility.Log.info(Log.java:22)
at com.mystore.utility.Log.info(Log.java:22)
at com.mystore.utility.Log.info(Log.java:22)
at com.mystore.utility.Log.info(Log.java:22)
at com.mystore.utility.Log.info(Log.java:22)
at com.mystore.utility.Log.info(Log.java:22)
at com.mystore.utility.Log.info(Log.java:22)
at com.mystore.utility.Log.info(Log.java:22)
at com.mystore.utility.Log.info(Log.java:22)
at com.mystore.utility.Log.info(Log.java:22)
at com.mystore.utility.Log.info(Log.java:22)
at com.mystore.utility.Log.info(Log.java:22)
at com.mystore.utility.Log.info(Log.java:22)
at com.mystore.utility.Log.info(Log.java:22)
at com.mystore.utility.Log.info(Log.java:22)
at com.mystore.utility.Log.info(Log.java:22)
at com.mystore.utility.Log.info(Log.java:22)
at com.mystore.utility.Log.info(Log.java:22)
at com.mystore.utility.Log.info(Log.java:22)
at com.mystore.utility.Log.info(Log.java:22)
at com.mystore.utility.Log.info(Log.java:22)
at com.mystore.utility.Log.info(Log.java:22)
at com.mystore.utility.Log.info(Log.java:22)
at com.mystore.utility.Log.info(Log.java:22)
at com.mystore.utility.Log.info(Log.java:22)
at com.mystore.utility.Log.info(Log.java:22)
at com.mystore.utility.Log.info(Log.java:22)
at com.mystore.utility.Log.info(Log.java:22)
at com.mystore.utility.Log.info(Log.java:22)
at com.mystore.utility.Log.info(Log.java:22)
at com.mystore.utility.Log.info(Log.java:22)
at com.mystore.utility.Log.info(Log.java:22)
at com.mystore.utility.Log.info(Log.java:22)
at com.mystore.utility.Log.info(Log.java:22)
at com.mystore.utility.Log.info(Log.java:22)
at com.mystore.utility.Log.info(Log.java:22)
at com.mystore.utility.Log.info(Log.java:22)
at com.mystore.utility.Log.info(Log.java:22)
at com.mystore.utility.Log.info(Log.java:22)
at com.mystore.utility.Log.info(Log.java:22)
at com.mystore.utility.Log.info(Log.java:22)
at com.mystore.utility.Log.info(Log.java:22)
at com.mystore.utility.Log.info(Log.java:22)
at com.mystore.utility.Log.info(Log.java:22)
at com.mystore.utility.Log.info(Log.java:22)
at com.mystore.utility.Log.info(Log.java:22)
at com.mystore.utility.Log.info(Log.java:22)
at com.mystore.utility.Log.info(Log.java:22)
at com.mystore.utility.Log.info(Log.java:22)
at com.mystore.utility.Log.info(Log.java:22)
at com.mystore.utility.Log.info(Log.java:22)
at com.mystore.utility.Log.info(Log.java:22)
at com.mystore.utility.Log.info(Log.java:22)
at com.mystore.utility.Log.info(Log.java:22)
at com.mystore.utility.Log.info(Log.java:22)
at com.mystore.utility.Log.info(Log.java:22)
at com.mystore.utility.Log.info(Log.java:22)
at com.mystore.utility.Log.info(Log.java:22)
at com.mystore.utility.Log.info(Log.java:22)
at com.mystore.utility.Log.info(Log.java:22)
at com.mystore.utility.Log.info(Log.java:22)
at com.mystore.utility.Log.info(Log.java:22)
at com.mystore.utility.Log.info(Log.java:22)
at com.mystore.utility.Log.info(Log.java:22)
at com.mystore.utility.Log.info(Log.java:22)
at com.mystore.utility.Log.info(Log.java:22)
at com.mystore.utility.Log.info(Log.java:22)
at com.mystore.utility.Log.info(Log.java:22)
at com.mystore.utility.Log.info(Log.java:22)
at com.mystore.utility.Log.info(Log.java:22)
at com.mystore.utility.Log.info(Log.java:22)
at com.mystore.utility.Log.info(Log.java:22)
at com.mystore.utility.Log.info(Log.java:22)
at com.mystore.utility.Log.info(Log.java:22)
at com.mystore.utility.Log.info(Log.java:22)
at com.mystore.utility.Log.info(Log.java:22)
at com.mystore.utility.Log.info(Log.java:22)
at com.mystore.utility.Log.info(Log.java:22)
at com.mystore.utility.Log.info(Log.java:22)
at com.mystore.utility.Log.info(Log.java:22)
at com.mystore.utility.Log.info(Log.java:22)
at com.mystore.utility.Log.info(Log.java:22)
at com.mystore.utility.Log.info(Log.java:22)
at com.mystore.utility.Log.info(Log.java:22)
at com.mystore.utility.Log.info(Log.java:22)
at com.mystore.utility.Log.info(Log.java:22)
at com.mystore.utility.Log.info(Log.java:22)
at com.mystore.utility.Log.info(Log.java:22)
at com.mystore.utility.Log.info(Log.java:22)
at com.mystore.utility.Log.info(Log.java:22)
at com.mystore.utility.Log.info(Log.java:22)
at com.mystore.utility.Log.info(Log.java:22)
at com.mystore.utility.Log.info(Log.java:22)
at com.mystore.utility.Log.info(Log.java:22)
at com.mystore.utility.Log.info(Log.java:22)
at com.mystore.utility.Log.info(Log.java:22)
at com.mystore.utility.Log.info(Log.java:22)
at com.mystore.utility.Log.info(Log.java:22)
at com.mystore.utility.Log.info(Log.java:22)
at com.mystore.utility.Log.info(Log.java:22)
at com.mystore.utility.Log.info(Log.java:22)
at com.mystore.utility.Log.info(Log.java:22)
at com.mystore.utility.Log.info(Log.java:22)
at com.mystore.utility.Log.info(Log.java:22)
at com.mystore.utility.Log.info(Log.java:22)
at com.mystore.utility.Log.info(Log.java:22)
at com.mystore.utility.Log.info(Log.java:22)
at com.mystore.utility.Log.info(Log.java:22)
at com.mystore.utility.Log.info(Log.java:22)
at com.mystore.utility.Log.info(Log.java:22)
at com.mystore.utility.Log.info(Log.java:22)
at com.mystore.utility.Log.info(Log.java:22)
at com.mystore.utility.Log.info(Log.java:22)
at com.mystore.utility.Log.info(Log.java:22)
at com.mystore.utility.Log.info(Log.java:22)
at com.mystore.utility.Log.info(Log.java:22)
at com.mystore.utility.Log.info(Log.java:22)
at com.mystore.utility.Log.info(Log.java:22)
at com.mystore.utility.Log.info(Log.java:22)
at com.mystore.utility.Log.info(Log.java:22)
at com.mystore.utility.Log.info(Log.java:22)
at com.mystore.utility.Log.info(Log.java:22)
at com.mystore.utility.Log.info(Log.java:22)
at com.mystore.utility.Log.info(Log.java:22)
at com.mystore.utility.Log.info(Log.java:22)
at com.mystore.utility.Log.info(Log.java:22)
at com.mystore.utility.Log.info(Log.java:22)
at com.mystore.utility.Log.info(Log.java:22)
at com.mystore.utility.Log.info(Log.java:22)
at com.mystore.utility.Log.info(Log.java:22)
at com.mystore.utility.Log.info(Log.java:22)
at com.mystore.utility.Log.info(Log.java:22)
at com.mystore.utility.Log.info(Log.java:22)
at com.mystore.utility.Log.info(Log.java:22)
at com.mystore.utility.Log.info(Log.java:22)
at com.mystore.utility.Log.info(Log.java:22)
at com.mystore.utility.Log.info(Log.java:22)
at com.mystore.utility.Log.info(Log.java:22)
at com.mystore.utility.Log.info(Log.java:22)
at com.mystore.utility.Log.info(Log.java:22)
at com.mystore.utility.Log.info(Log.java:22)
at com.mystore.utility.Log.info(Log.java:22)
at com.mystore.utility.Log.info(Log.java:22)
at com.mystore.utility.Log.info(Log.java:22)
at com.mystore.utility.Log.info(Log.java:22)
at com.mystore.utility.Log.info(Log.java:22)
at com.mystore.utility.Log.info(Log.java:22)
at com.mystore.utility.Log.info(Log.java:22)
at com.mystore.utility.Log.info(Log.java:22)
at com.mystore.utility.Log.info(Log.java:22)
at com.mystore.utility.Log.info(Log.java:22)
at com.mystore.utility.Log.info(Log.java:22)
at com.mystore.utility.Log.info(Log.java:22)
at com.mystore.utility.Log.info(Log.java:22)
at com.mystore.utility.Log.info(Log.java:22)
at com.mystore.utility.Log.info(Log.java:22)
at com.mystore.utility.Log.info(Log.java:22)
at com.mystore.utility.Log.info(Log.java:22)
at com.mystore.utility.Log.info(Log.java:22)
at com.mystore.utility.Log.info(Log.java:22)
at com.mystore.utility.Log.info(Log.java:22)
at com.mystore.utility.Log.info(Log.java:22)
at com.mystore.utility.Log.info(Log.java:22)
at com.mystore.utility.Log.info(Log.java:22)
at com.mystore.utility.Log.info(Log.java:22)
at com.mystore.utility.Log.info(Log.java:22)
at com.mystore.utility.Log.info(Log.java:22)
at com.mystore.utility.Log.info(Log.java:22)
at com.mystore.utility.Log.info(Log.java:22)
at com.mystore.utility.Log.info(Log.java:22)
at com.mystore.utility.Log.info(Log.java:22)
at com.mystore.utility.Log.info(Log.java:22)
at com.mystore.utility.Log.info(Log.java:22)
at com.mystore.utility.Log.info(Log.java:22)
at com.mystore.utility.Log.info(Log.java:22)
at com.mystore.utility.Log.info(Log.java:22)
at com.mystore.utility.Log.info(Log.java:22)
at com.mystore.utility.Log.info(Log.java:22)
at com.mystore.utility.Log.info(Log.java:22)
at com.mystore.utility.Log.info(Log.java:22)
at com.mystore.utility.Log.info(Log.java:22)
at com.mystore.utility.Log.info(Log.java:22)
at com.mystore.utility.Log.info(Log.java:22)
at com.mystore.utility.Log.info(Log.java:22)
at com.mystore.utility.Log.info(Log.java:22)
at com.mystore.utility.Log.info(Log.java:22)
at com.mystore.utility.Log.info(Log.java:22)
at com.mystore.utility.Log.info(Log.java:22)
at com.mystore.utility.Log.info(Log.java:22)
at com.mystore.utility.Log.info(Log.java:22)
at com.mystore.utility.Log.info(Log.java:22)
at com.mystore.utility.Log.info(Log.java:22)
at com.mystore.utility.Log.info(Log.java:22)
at com.mystore.utility.Log.info(Log.java:22)
at com.mystore.utility.Log.info(Log.java:22)
at com.mystore.utility.Log.info(Log.java:22)
at com.mystore.utility.Log.info(Log.java:22)
at com.mystore.utility.Log.info(Log.java:22)
at com.mystore.utility.Log.info(Log.java:22)
at com.mystore.utility.Log.info(Log.java:22)
at com.mystore.utility.Log.info(Log.java:22)
at com.mystore.utility.Log.info(Log.java:22)
at com.mystore.utility.Log.info(Log.java:22)
at com.mystore.utility.Log.info(Log.java:22)
at com.mystore.utility.Log.info(Log.java:22)
at com.mystore.utility.Log.info(Log.java:22)
at com.mystore.utility.Log.info(Log.java:22)
at com.mystore.utility.Log.info(Log.java:22)
at com.mystore.utility.Log.info(Log.java:22)
at com.mystore.utility.Log.info(Log.java:22)
at com.mystore.utility.Log.info(Log.java:22)
at com.mystore.utility.Log.info(Log.java:22)
at com.mystore.utility.Log.info(Log.java:22)
at com.mystore.utility.Log.info(Log.java:22)
at com.mystore.utility.Log.info(Log.java:22)
at com.mystore.utility.Log.info(Log.java:22)
at com.mystore.utility.Log.info(Log.java:22)
at com.mystore.utility.Log.info(Log.java:22)
at com.mystore.utility.Log.info(Log.java:22)
at com.mystore.utility.Log.info(Log.java:22)
at com.mystore.utility.Log.info(Log.java:22)
at com.mystore.utility.Log.info(Log.java:22)
at com.mystore.utility.Log.info(Log.java:22)
at com.mystore.utility.Log.info(Log.java:22)
at com.mystore.utility.Log.info(Log.java:22)
at com.mystore.utility.Log.info(Log.java:22)
at com.mystore.utility.Log.info(Log.java:22)
at com.mystore.utility.Log.info(Log.java:22)
at com.mystore.utility.Log.info(Log.java:22)
at com.mystore.utility.Log.info(Log.java:22)
at com.mystore.utility.Log.info(Log.java:22)
at com.mystore.utility.Log.info(Log.java:22)
at com.mystore.utility.Log.info(Log.java:22)
at com.mystore.utility.Log.info(Log.java:22)
at com.mystore.utility.Log.info(Log.java:22)
at com.mystore.utility.Log.info(Log.java:22)
at com.mystore.utility.Log.info(Log.java:22)
at com.mystore.utility.Log.info(Log.java:22)
at com.mystore.utility.Log.info(Log.java:22)
at com.mystore.utility.Log.info(Log.java:22)
at com.mystore.utility.Log.info(Log.java:22)
at com.mystore.utility.Log.info(Log.java:22)
at com.mystore.utility.Log.info(Log.java:22)
at com.mystore.utility.Log.info(Log.java:22)
at com.mystore.utility.Log.info(Log.java:22)
at com.mystore.utility.Log.info(Log.java:22)
at com.mystore.utility.Log.info(Log.java:22)
at com.mystore.utility.Log.info(Log.java:22)
at com.mystore.utility.Log.info(Log.java:22)
at com.mystore.utility.Log.info(Log.java:22)
at com.mystore.utility.Log.info(Log.java:22)
at com.mystore.utility.Log.info(Log.java:22)
at com.mystore.utility.Log.info(Log.java:22)
at com.mystore.utility.Log.info(Log.java:22)
at com.mystore.utility.Log.info(Log.java:22)
at com.mystore.utility.Log.info(Log.java:22)
at com.mystore.utility.Log.info(Log.java:22)
at com.mystore.utility.Log.info(Log.java:22)
at com.mystore.utility.Log.info(Log.java:22)
at com.mystore.utility.Log.info(Log.java:22)
at com.mystore.utility.Log.info(Log.java:22)
at com.mystore.utility.Log.info(Log.java:22)
at com.mystore.utility.Log.info(Log.java:22)
at com.mystore.utility.Log.info(Log.java:22)
at com.mystore.utility.Log.info(Log.java:22)
at com.mystore.utility.Log.info(Log.java:22)
at com.mystore.utility.Log.info(Log.java:22)
at com.mystore.utility.Log.info(Log.java:22)
at com.mystore.utility.Log.info(Log.java:22)
at com.mystore.utility.Log.info(Log.java:22)
at com.mystore.utility.Log.info(Log.java:22)
at com.mystore.utility.Log.info(Log.java:22)
at com.mystore.utility.Log.info(Log.java:22)
at com.mystore.utility.Log.info(Log.java:22)
at com.mystore.utility.Log.info(Log.java:22)
at com.mystore.utility.Log.info(Log.java:22)
at com.mystore.utility.Log.info(Log.java:22)
at com.mystore.utility.Log.info(Log.java:22)
at com.mystore.utility.Log.info(Log.java:22)
at com.mystore.utility.Log.info(Log.java:22)
at com.mystore.utility.Log.info(Log.java:22)
at com.mystore.utility.Log.info(Log.java:22)
at com.mystore.utility.Log.info(Log.java:22)
at com.mystore.utility.Log.info(Log.java:22)
at com.mystore.utility.Log.info(Log.java:22)
at com.mystore.utility.Log.info(Log.java:22)
at com.mystore.utility.Log.info(Log.java:22)
at com.mystore.utility.Log.info(Log.java:22)
at com.mystore.utility.Log.info(Log.java:22)
at com.mystore.utility.Log.info(Log.java:22)
at com.mystore.utility.Log.info(Log.java:22)
at com.mystore.utility.Log.info(Log.java:22)
at com.mystore.utility.Log.info(Log.java:22)
at com.mystore.utility.Log.info(Log.java:22)
at com.mystore.utility.Log.info(Log.java:22)
at com.mystore.utility.Log.info(Log.java:22)
at com.mystore.utility.Log.info(Log.java:22)
at com.mystore.utility.Log.info(Log.java:22)
at com.mystore.utility.Log.info(Log.java:22)
at com.mystore.utility.Log.info(Log.java:22)
at com.mystore.utility.Log.info(Log.java:22)
at com.mystore.utility.Log.info(Log.java:22)
at com.mystore.utility.Log.info(Log.java:22)
at com.mystore.utility.Log.info(Log.java:22)
at com.mystore.utility.Log.info(Log.java:22)
at com.mystore.utility.Log.info(Log.java:22)
at com.mystore.utility.Log.info(Log.java:22)
at com.mystore.utility.Log.info(Log.java:22)
at com.mystore.utility.Log.info(Log.java:22)
at com.mystore.utility.Log.info(Log.java:22)
at com.mystore.utility.Log.info(Log.java:22)
at com.mystore.utility.Log.info(Log.java:22)
at com.mystore.utility.Log.info(Log.java:22)
at com.mystore.utility.Log.info(Log.java:22)
at com.mystore.utility.Log.info(Log.java:22)
at com.mystore.utility.Log.info(Log.java:22)
at com.mystore.utility.Log.info(Log.java:22)
at com.mystore.utility.Log.info(Log.java:22)
at com.mystore.utility.Log.info(Log.java:22)
at com.mystore.utility.Log.info(Log.java:22)
at com.mystore.utility.Log.info(Log.java:22)
at com.mystore.utility.Log.info(Log.java:22)
at com.mystore.utility.Log.info(Log.java:22)
at com.mystore.utility.Log.info(Log.java:22)
at com.mystore.utility.Log.info(Log.java:22)
at com.mystore.utility.Log.info(Log.java:22)
at com.mystore.utility.Log.info(Log.java:22)
at com.mystore.utility.Log.info(Log.java:22)
at com.mystore.utility.Log.info(Log.java:22)
at com.mystore.utility.Log.info(Log.java:22)
at com.mystore.utility.Log.info(Log.java:22)
at com.mystore.utility.Log.info(Log.java:22)
at com.mystore.utility.Log.info(Log.java:22)
at com.mystore.utility.Log.info(Log.java:22)
at com.mystore.utility.Log.info(Log.java:22)
at com.mystore.utility.Log.info(Log.java:22)
at com.mystore.utility.Log.info(Log.java:22)
at com.mystore.utility.Log.info(Log.java:22)
at com.mystore.utility.Log.info(Log.java:22)
at com.mystore.utility.Log.info(Log.java:22)
at com.mystore.utility.Log.info(Log.java:22)
at com.mystore.utility.Log.info(Log.java:22)
at com.mystore.utility.Log.info(Log.java:22)
at com.mystore.utility.Log.info(Log.java:22)
at com.mystore.utility.Log.info(Log.java:22)
at com.mystore.utility.Log.info(Log.java:22)
at com.mystore.utility.Log.info(Log.java:22)
at com.mystore.utility.Log.info(Log.java:22)
at com.mystore.utility.Log.info(Log.java:22)
at com.mystore.utility.Log.info(Log.java:22)
at com.mystore.utility.Log.info(Log.java:22)
at com.mystore.utility.Log.info(Log.java:22)
at com.mystore.utility.Log.info(Log.java:22)
at com.mystore.utility.Log.info(Log.java:22)
at com.mystore.utility.Log.info(Log.java:22)
at com.mystore.utility.Log.info(Log.java:22)
at com.mystore.utility.Log.info(Log.java:22)
at com.mystore.utility.Log.info(Log.java:22)
at com.mystore.utility.Log.info(Log.java:22)
at com.mystore.utility.Log.info(Log.java:22)
at com.mystore.utility.Log.info(Log.java:22)
at com.mystore.utility.Log.info(Log.java:22)
at com.mystore.utility.Log.info(Log.java:22)
at com.mystore.utility.Log.info(Log.java:22)
at com.mystore.utility.Log.info(Log.java:22)
at com.mystore.utility.Log.info(Log.java:22)
at com.mystore.utility.Log.info(Log.java:22)
at com.mystore.utility.Log.info(Log.java:22)
at com.mystore.utility.Log.info(Log.java:22)
at com.mystore.utility.Log.info(Log.java:22)
at com.mystore.utility.Log.info(Log.java:22)
at com.mystore.utility.Log.info(Log.java:22)
at com.mystore.utility.Log.info(Log.java:22)
at com.mystore.utility.Log.info(Log.java:22)
at com.mystore.utility.Log.info(Log.java:22)
at com.mystore.utility.Log.info(Log.java:22)
at com.mystore.utility.Log.info(Log.java:22)
at com.mystore.utility.Log.info(Log.java:22)
at com.mystore.utility.Log.info(Log.java:22)
at com.mystore.utility.Log.info(Log.java:22)
at com.mystore.utility.Log.info(Log.java:22)
at com.mystore.utility.Log.info(Log.java:22)
at com.mystore.utility.Log.info(Log.java:22)
at com.mystore.utility.Log.info(Log.java:22)
at com.mystore.utility.Log.info(Log.java:22)
at com.mystore.utility.Log.info(Log.java:22)
at com.mystore.utility.Log.info(Log.java:22)
at com.mystore.utility.Log.info(Log.java:22)
at com.mystore.utility.Log.info(Log.java:22)
at com.mystore.utility.Log.info(Log.java:22)
at com.mystore.utility.Log.info(Log.java:22)
at com.mystore.utility.Log.info(Log.java:22)
at com.mystore.utility.Log.info(Log.java:22)
at com.mystore.utility.Log.info(Log.java:22)
at com.mystore.utility.Log.info(Log.java:22)
at com.mystore.utility.Log.info(Log.java:22)
at com.mystore.utility.Log.info(Log.java:22)
at com.mystore.utility.Log.info(Log.java:22)
at com.mystore.utility.Log.info(Log.java:22)
at com.mystore.utility.Log.info(Log.java:22)
at com.mystore.utility.Log.info(Log.java:22)
at com.mystore.utility.Log.info(Log.java:22)
at com.mystore.utility.Log.info(Log.java:22)
at com.mystore.utility.Log.info(Log.java:22)
at com.mystore.utility.Log.info(Log.java:22)
at com.mystore.utility.Log.info(Log.java:22)
at com.mystore.utility.Log.info(Log.java:22)
at com.mystore.utility.Log.info(Log.java:22)
at com.mystore.utility.Log.info(Log.java:22)
at com.mystore.utility.Log.info(Log.java:22)
at com.mystore.utility.Log.info(Log.java:22)
at com.mystore.utility.Log.info(Log.java:22)
at com.mystore.utility.Log.info(Log.java:22)
at com.mystore.utility.Log.info(Log.java:22)
at com.mystore.utility.Log.info(Log.java:22)
at com.mystore.utility.Log.info(Log.java:22)
at com.mystore.utility.Log.info(Log.java:22)
at com.mystore.utility.Log.info(Log.java:22)
at com.mystore.utility.Log.info(Log.java:22)
at com.mystore.utility.Log.info(Log.java:22)
at com.mystore.utility.Log.info(Log.java:22)
at com.mystore.utility.Log.info(Log.java:22)
at com.mystore.utility.Log.info(Log.java:22)
at com.mystore.utility.Log.info(Log.java:22)
at com.mystore.utility.Log.info(Log.java:22)
at com.mystore.utility.Log.info(Log.java:22)
at com.mystore.utility.Log.info(Log.java:22)
at com.mystore.utility.Log.info(Log.java:22)
at com.mystore.utility.Log.info(Log.java:22)
at com.mystore.utility.Log.info(Log.java:22)
at com.mystore.utility.Log.info(Log.java:22)
at com.mystore.utility.Log.info(Log.java:22)
at com.mystore.utility.Log.info(Log.java:22)
at com.mystore.utility.Log.info(Log.java:22)
at com.mystore.utility.Log.info(Log.java:22)
at com.mystore.utility.Log.info(Log.java:22)
at com.mystore.utility.Log.info(Log.java:22)
at com.mystore.utility.Log.info(Log.java:22)
at com.mystore.utility.Log.info(Log.java:22)
at com.mystore.utility.Log.info(Log.java:22)
at com.mystore.utility.Log.info(Log.java:22)
at com.mystore.utility.Log.info(Log.java:22)
at com.mystore.utility.Log.info(Log.java:22)
at com.mystore.utility.Log.info(Log.java:22)
at com.mystore.utility.Log.info(Log.java:22)
at com.mystore.utility.Log.info(Log.java:22)
at com.mystore.utility.Log.info(Log.java:22)
at com.mystore.utility.Log.info(Log.java:22)
at com.mystore.utility.Log.info(Log.java:22)
at com.mystore.utility.Log.info(Log.java:22)
at com.mystore.utility.Log.info(Log.java:22)
at com.mystore.utility.Log.info(Log.java:22)
at com.mystore.utility.Log.info(Log.java:22)
at com.mystore.utility.Log.info(Log.java:22)
at com.mystore.utility.Log.info(Log.java:22)
at com.mystore.utility.Log.info(Log.java:22)
at com.mystore.utility.Log.info(Log.java:22)
at com.mystore.utility.Log.info(Log.java:22)
at com.mystore.utility.Log.info(Log.java:22)
at com.mystore.utility.Log.info(Log.java:22)
at com.mystore.utility.Log.info(Log.java:22)
at com.mystore.utility.Log.info(Log.java:22)
at com.mystore.utility.Log.info(Log.java:22)
at com.mystore.utility.Log.info(Log.java:22)
at com.mystore.utility.Log.info(Log.java:22)
at com.mystore.utility.Log.info(Log.java:22)
at com.mystore.utility.Log.info(Log.java:22)
at com.mystore.utility.Log.info(Log.java:22)
at com.mystore.utility.Log.info(Log.java:22)
at com.mystore.utility.Log.info(Log.java:22)
at com.mystore.utility.Log.info(Log.java:22)
at com.mystore.utility.Log.info(Log.java:22)
at com.mystore.utility.Log.info(Log.java:22)
at com.mystore.utility.Log.info(Log.java:22)
at com.mystore.utility.Log.info(Log.java:22)
at com.mystore.utility.Log.info(Log.java:22)
at com.mystore.utility.Log.info(Log.java:22)
at com.mystore.utility.Log.info(Log.java:22)
at com.mystore.utility.Log.info(Log.java:22)
at com.mystore.utility.Log.info(Log.java:22)
at com.mystore.utility.Log.info(Log.java:22)
at com.mystore.utility.Log.info(Log.java:22)
at com.mystore.utility.Log.info(Log.java:22)
at com.mystore.utility.Log.info(Log.java:22)
at com.mystore.utility.Log.info(Log.java:22)
at com.mystore.utility.Log.info(Log.java:22)
at com.mystore.utility.Log.info(Log.java:22)
at com.mystore.utility.Log.info(Log.java:22)
at com.mystore.utility.Log.info(Log.java:22)
at com.mystore.utility.Log.info(Log.java:22)
at com.mystore.utility.Log.info(Log.java:22)
at com.mystore.utility.Log.info(Log.java:22)
at com.mystore.utility.Log.info(Log.java:22)
at com.mystore.utility.Log.info(Log.java:22)
]]>
    </failure>
  </testcase> <!-- loginTest -->
</testsuite> <!-- Default test -->
