<?xml version="1.0" encoding="UTF-8"?>
<testng-results ignored="0" total="1" passed="1" failed="0" skipped="0">
  <reporter-output>
  </reporter-output>
  <suite started-at="2022-03-01T10:00:48 IST" name="Default suite" finished-at="2022-03-01T10:01:13 IST" duration-ms="24413">
    <groups>
    </groups>
    <test started-at="2022-03-01T10:00:48 IST" name="Default test" finished-at="2022-03-01T10:01:13 IST" duration-ms="24413">
      <class name="org.TestActiTimeProject.LaunchActiTime">
        <test-method signature="launchActiTime()[pri:0, instance:org.TestActiTimeProject.LaunchActiTime@6379eb]" started-at="2022-03-01T10:00:48 IST" name="launchActiTime" finished-at="2022-03-01T10:01:12 IST" duration-ms="24251" status="PASS">
          <reporter-output>
          </reporter-output>
        </test-method> <!-- launchActiTime -->
      </class> <!-- org.TestActiTimeProject.LaunchActiTime -->
    </test> <!-- Default test -->
  </suite> <!-- Default suite -->
</testng-results>
