<?xml version="1.0" encoding="UTF-8"?>
<testng-results ignored="0" total="1" passed="0" failed="1" skipped="0">
  <reporter-output>
  </reporter-output>
  <suite started-at="2022-03-01T23:26:03 IST" name="Default suite" finished-at="2022-03-01T23:26:21 IST" duration-ms="18445">
    <groups>
    </groups>
    <test started-at="2022-03-01T23:26:03 IST" name="Default test" finished-at="2022-03-01T23:26:21 IST" duration-ms="18445">
      <class name="com.mystore.testcases.LoginPageTest">
        <test-method is-config="true" signature="beforeSuite()[pri:0, instance:com.mystore.testcases.LoginPageTest@49e53c76]" started-at="2022-03-01T23:26:03 IST" name="beforeSuite" finished-at="2022-03-01T23:26:03 IST" duration-ms="86" status="PASS">
          <reporter-output>
          </reporter-output>
        </test-method> <!-- beforeSuite -->
        <test-method is-config="true" signature="setUp()[pri:0, instance:com.mystore.testcases.LoginPageTest@49e53c76]" started-at="2022-03-01T23:26:03 IST" name="setUp" finished-at="2022-03-01T23:26:17 IST" duration-ms="14041" status="PASS">
          <reporter-output>
          </reporter-output>
        </test-method> <!-- setUp -->
        <test-method signature="loginTest()[pri:0, instance:com.mystore.testcases.LoginPageTest@49e53c76]" started-at="2022-03-01T23:26:17 IST" name="loginTest" finished-at="2022-03-01T23:26:17 IST" duration-ms="82" status="FAIL">
          <exception class="java.lang.StackOverflowError">
            <full-stacktrace>
              <![CDATA[java.lang.StackOverflowError
at com.mystore.utility.Log.info(Log.java:22)
at com.mystore.utility.Log.info(Log.java:22)
at com.mystore.utility.Log.info(Log.java:22)
at com.mystore.utility.Log.info(Log.java:22)
at com.mystore.utility.Log.info(Log.java:22)
at com.mystore.utility.Log.info(Log.java:22)
at com.mystore.utility.Log.info(Log.java:22)
at com.mystore.utility.Log.info(Log.java:22)
at com.mystore.utility.Log.info(Log.java:22)
at com.mystore.utility.Log.info(Log.java:22)
at com.mystore.utility.Log.info(Log.java:22)
at com.mystore.utility.Log.info(Log.java:22)
at com.mystore.utility.Log.info(Log.java:22)
at com.mystore.utility.Log.info(Log.java:22)
at com.mystore.utility.Log.info(Log.java:22)
at com.mystore.utility.Log.info(Log.java:22)
at com.mystore.utility.Log.info(Log.java:22)
at com.mystore.utility.Log.info(Log.java:22)
at com.mystore.utility.Log.info(Log.java:22)
at com.mystore.utility.Log.info(Log.java:22)
at com.mystore.utility.Log.info(Log.java:22)
at com.mystore.utility.Log.info(Log.java:22)
at com.mystore.utility.Log.info(Log.java:22)
at com.mystore.utility.Log.info(Log.java:22)
at com.mystore.utility.Log.info(Log.java:22)
at com.mystore.utility.Log.info(Log.java:22)
at com.mystore.utility.Log.info(Log.java:22)
at com.mystore.utility.Log.info(Log.java:22)
at com.mystore.utility.Log.info(Log.java:22)
at com.mystore.utility.Log.info(Log.java:22)
at com.mystore.utility.Log.info(Log.java:22)
at com.mystore.utility.Log.info(Log.java:22)
at com.mystore.utility.Log.info(Log.java:22)
at com.mystore.utility.Log.info(Log.java:22)
at com.mystore.utility.Log.info(Log.java:22)
at com.mystore.utility.Log.info(Log.java:22)
at com.mystore.utility.Log.info(Log.java:22)
at com.mystore.utility.Log.info(Log.java:22)
at com.mystore.utility.Log.info(Log.java:22)
at com.mystore.utility.Log.info(Log.java:22)
at com.mystore.utility.Log.info(Log.java:22)
at com.mystore.utility.Log.info(Log.java:22)
at com.mystore.utility.Log.info(Log.java:22)
at com.mystore.utility.Log.info(Log.java:22)
at com.mystore.utility.Log.info(Log.java:22)
at com.mystore.utility.Log.info(Log.java:22)
at com.mystore.utility.Log.info(Log.java:22)
at com.mystore.utility.Log.info(Log.java:22)
at com.mystore.utility.Log.info(Log.java:22)
at com.mystore.utility.Log.info(Log.java:22)
at com.mystore.utility.Log.info(Log.java:22)
at com.mystore.utility.Log.info(Log.java:22)
at com.mystore.utility.Log.info(Log.java:22)
at com.mystore.utility.Log.info(Log.java:22)
at com.mystore.utility.Log.info(Log.java:22)
at com.mystore.utility.Log.info(Log.java:22)
at com.mystore.utility.Log.info(Log.java:22)
at com.mystore.utility.Log.info(Log.java:22)
at com.mystore.utility.Log.info(Log.java:22)
at com.mystore.utility.Log.info(Log.java:22)
at com.mystore.utility.Log.info(Log.java:22)
at com.mystore.utility.Log.info(Log.java:22)
at com.mystore.utility.Log.info(Log.java:22)
at com.mystore.utility.Log.info(Log.java:22)
at com.mystore.utility.Log.info(Log.java:22)
at com.mystore.utility.Log.info(Log.java:22)
at com.mystore.utility.Log.info(Log.java:22)
at com.mystore.utility.Log.info(Log.java:22)
at com.mystore.utility.Log.info(Log.java:22)
at com.mystore.utility.Log.info(Log.java:22)
at com.mystore.utility.Log.info(Log.java:22)
at com.mystore.utility.Log.info(Log.java:22)
at com.mystore.utility.Log.info(Log.java:22)
at com.mystore.utility.Log.info(Log.java:22)
at com.mystore.utility.Log.info(Log.java:22)
at com.mystore.utility.Log.info(Log.java:22)
at com.mystore.utility.Log.info(Log.java:22)
at com.mystore.utility.Log.info(Log.java:22)
at com.mystore.utility.Log.info(Log.java:22)
at com.mystore.utility.Log.info(Log.java:22)
at com.mystore.utility.Log.info(Log.java:22)
at com.mystore.utility.Log.info(Log.java:22)
at com.mystore.utility.Log.info(Log.java:22)
at com.mystore.utility.Log.info(Log.java:22)
at com.mystore.utility.Log.info(Log.java:22)
at com.mystore.utility.Log.info(Log.java:22)
at com.mystore.utility.Log.info(Log.java:22)
at com.mystore.utility.Log.info(Log.java:22)
at com.mystore.utility.Log.info(Log.java:22)
at com.mystore.utility.Log.info(Log.java:22)
at com.mystore.utility.Log.info(Log.java:22)
at com.mystore.utility.Log.info(Log.java:22)
at com.mystore.utility.Log.info(Log.java:22)
at com.mystore.utility.Log.info(Log.java:22)
at com.mystore.utility.Log.info(Log.java:22)
at com.mystore.utility.Log.info(Log.java:22)
at com.mystore.utility.Log.info(Log.java:22)
at com.mystore.utility.Log.info(Log.java:22)
at com.mystore.utility.Log.info(Log.java:22)
at com.mystore.utility.Log.info(Log.java:22)
at com.mystore.utility.Log.info(Log.java:22)
at com.mystore.utility.Log.info(Log.java:22)
at com.mystore.utility.Log.info(Log.java:22)
at com.mystore.utility.Log.info(Log.java:22)
at com.mystore.utility.Log.info(Log.java:22)
at com.mystore.utility.Log.info(Log.java:22)
at com.mystore.utility.Log.info(Log.java:22)
at com.mystore.utility.Log.info(Log.java:22)
at com.mystore.utility.Log.info(Log.java:22)
at com.mystore.utility.Log.info(Log.java:22)
at com.mystore.utility.Log.info(Log.java:22)
at com.mystore.utility.Log.info(Log.java:22)
at com.mystore.utility.Log.info(Log.java:22)
at com.mystore.utility.Log.info(Log.java:22)
at com.mystore.utility.Log.info(Log.java:22)
at com.mystore.utility.Log.info(Log.java:22)
at com.mystore.utility.Log.info(Log.java:22)
at com.mystore.utility.Log.info(Log.java:22)
at com.mystore.utility.Log.info(Log.java:22)
at com.mystore.utility.Log.info(Log.java:22)
at com.mystore.utility.Log.info(Log.java:22)
at com.mystore.utility.Log.info(Log.java:22)
at com.mystore.utility.Log.info(Log.java:22)
at com.mystore.utility.Log.info(Log.java:22)
at com.mystore.utility.Log.info(Log.java:22)
at com.mystore.utility.Log.info(Log.java:22)
at com.mystore.utility.Log.info(Log.java:22)
at com.mystore.utility.Log.info(Log.java:22)
at com.mystore.utility.Log.info(Log.java:22)
at com.mystore.utility.Log.info(Log.java:22)
at com.mystore.utility.Log.info(Log.java:22)
at com.mystore.utility.Log.info(Log.java:22)
at com.mystore.utility.Log.info(Log.java:22)
at com.mystore.utility.Log.info(Log.java:22)
at com.mystore.utility.Log.info(Log.java:22)
at com.mystore.utility.Log.info(Log.java:22)
at com.mystore.utility.Log.info(Log.java:22)
at com.mystore.utility.Log.info(Log.java:22)
at com.mystore.utility.Log.info(Log.java:22)
at com.mystore.utility.Log.info(Log.java:22)
at com.mystore.utility.Log.info(Log.java:22)
at com.mystore.utility.Log.info(Log.java:22)
at com.mystore.utility.Log.info(Log.java:22)
at com.mystore.utility.Log.info(Log.java:22)
at com.mystore.utility.Log.info(Log.java:22)
at com.mystore.utility.Log.info(Log.java:22)
at com.mystore.utility.Log.info(Log.java:22)
at com.mystore.utility.Log.info(Log.java:22)
at com.mystore.utility.Log.info(Log.java:22)
at com.mystore.utility.Log.info(Log.java:22)
at com.mystore.utility.Log.info(Log.java:22)
at com.mystore.utility.Log.info(Log.java:22)
at com.mystore.utility.Log.info(Log.java:22)
at com.mystore.utility.Log.info(Log.java:22)
at com.mystore.utility.Log.info(Log.java:22)
at com.mystore.utility.Log.info(Log.java:22)
at com.mystore.utility.Log.info(Log.java:22)
at com.mystore.utility.Log.info(Log.java:22)
at com.mystore.utility.Log.info(Log.java:22)
at com.mystore.utility.Log.info(Log.java:22)
at com.mystore.utility.Log.info(Log.java:22)
at com.mystore.utility.Log.info(Log.java:22)
at com.mystore.utility.Log.info(Log.java:22)
at com.mystore.utility.Log.info(Log.java:22)
at com.mystore.utility.Log.info(Log.java:22)
at com.mystore.utility.Log.info(Log.java:22)
at com.mystore.utility.Log.info(Log.java:22)
at com.mystore.utility.Log.info(Log.java:22)
at com.mystore.utility.Log.info(Log.java:22)
at com.mystore.utility.Log.info(Log.java:22)
at com.mystore.utility.Log.info(Log.java:22)
at com.mystore.utility.Log.info(Log.java:22)
at com.mystore.utility.Log.info(Log.java:22)
at com.mystore.utility.Log.info(Log.java:22)
at com.mystore.utility.Log.info(Log.java:22)
at com.mystore.utility.Log.info(Log.java:22)
at com.mystore.utility.Log.info(Log.java:22)
at com.mystore.utility.Log.info(Log.java:22)
at com.mystore.utility.Log.info(Log.java:22)
at com.mystore.utility.Log.info(Log.java:22)
at com.mystore.utility.Log.info(Log.java:22)
at com.mystore.utility.Log.info(Log.java:22)
at com.mystore.utility.Log.info(Log.java:22)
at com.mystore.utility.Log.info(Log.java:22)
at com.mystore.utility.Log.info(Log.java:22)
at com.mystore.utility.Log.info(Log.java:22)
at com.mystore.utility.Log.info(Log.java:22)
at com.mystore.utility.Log.info(Log.java:22)
at com.mystore.utility.Log.info(Log.java:22)
at com.mystore.utility.Log.info(Log.java:22)
at com.mystore.utility.Log.info(Log.java:22)
at com.mystore.utility.Log.info(Log.java:22)
at com.mystore.utility.Log.info(Log.java:22)
at com.mystore.utility.Log.info(Log.java:22)
at com.mystore.utility.Log.info(Log.java:22)
at com.mystore.utility.Log.info(Log.java:22)
at com.mystore.utility.Log.info(Log.java:22)
at com.mystore.utility.Log.info(Log.java:22)
at com.mystore.utility.Log.info(Log.java:22)
at com.mystore.utility.Log.info(Log.java:22)
at com.mystore.utility.Log.info(Log.java:22)
at com.mystore.utility.Log.info(Log.java:22)
at com.mystore.utility.Log.info(Log.java:22)
at com.mystore.utility.Log.info(Log.java:22)
at com.mystore.utility.Log.info(Log.java:22)
at com.mystore.utility.Log.info(Log.java:22)
at com.mystore.utility.Log.info(Log.java:22)
at com.mystore.utility.Log.info(Log.java:22)
at com.mystore.utility.Log.info(Log.java:22)
at com.mystore.utility.Log.info(Log.java:22)
at com.mystore.utility.Log.info(Log.java:22)
at com.mystore.utility.Log.info(Log.java:22)
at com.mystore.utility.Log.info(Log.java:22)
at com.mystore.utility.Log.info(Log.java:22)
at com.mystore.utility.Log.info(Log.java:22)
at com.mystore.utility.Log.info(Log.java:22)
at com.mystore.utility.Log.info(Log.java:22)
at com.mystore.utility.Log.info(Log.java:22)
at com.mystore.utility.Log.info(Log.java:22)
at com.mystore.utility.Log.info(Log.java:22)
at com.mystore.utility.Log.info(Log.java:22)
at com.mystore.utility.Log.info(Log.java:22)
at com.mystore.utility.Log.info(Log.java:22)
at com.mystore.utility.Log.info(Log.java:22)
at com.mystore.utility.Log.info(Log.java:22)
at com.mystore.utility.Log.info(Log.java:22)
at com.mystore.utility.Log.info(Log.java:22)
at com.mystore.utility.Log.info(Log.java:22)
at com.mystore.utility.Log.info(Log.java:22)
at com.mystore.utility.Log.info(Log.java:22)
at com.mystore.utility.Log.info(Log.java:22)
at com.mystore.utility.Log.info(Log.java:22)
at com.mystore.utility.Log.info(Log.java:22)
at com.mystore.utility.Log.info(Log.java:22)
at com.mystore.utility.Log.info(Log.java:22)
at com.mystore.utility.Log.info(Log.java:22)
at com.mystore.utility.Log.info(Log.java:22)
at com.mystore.utility.Log.info(Log.java:22)
at com.mystore.utility.Log.info(Log.java:22)
at com.mystore.utility.Log.info(Log.java:22)
at com.mystore.utility.Log.info(Log.java:22)
at com.mystore.utility.Log.info(Log.java:22)
at com.mystore.utility.Log.info(Log.java:22)
at com.mystore.utility.Log.info(Log.java:22)
at com.mystore.utility.Log.info(Log.java:22)
at com.mystore.utility.Log.info(Log.java:22)
at com.mystore.utility.Log.info(Log.java:22)
at com.mystore.utility.Log.info(Log.java:22)
at com.mystore.utility.Log.info(Log.java:22)
at com.mystore.utility.Log.info(Log.java:22)
at com.mystore.utility.Log.info(Log.java:22)
at com.mystore.utility.Log.info(Log.java:22)
at com.mystore.utility.Log.info(Log.java:22)
at com.mystore.utility.Log.info(Log.java:22)
at com.mystore.utility.Log.info(Log.java:22)
at com.mystore.utility.Log.info(Log.java:22)
at com.mystore.utility.Log.info(Log.java:22)
at com.mystore.utility.Log.info(Log.java:22)
at com.mystore.utility.Log.info(Log.java:22)
at com.mystore.utility.Log.info(Log.java:22)
at com.mystore.utility.Log.info(Log.java:22)
at com.mystore.utility.Log.info(Log.java:22)
at com.mystore.utility.Log.info(Log.java:22)
at com.mystore.utility.Log.info(Log.java:22)
at com.mystore.utility.Log.info(Log.java:22)
at com.mystore.utility.Log.info(Log.java:22)
at com.mystore.utility.Log.info(Log.java:22)
at com.mystore.utility.Log.info(Log.java:22)
at com.mystore.utility.Log.info(Log.java:22)
at com.mystore.utility.Log.info(Log.java:22)
at com.mystore.utility.Log.info(Log.java:22)
at com.mystore.utility.Log.info(Log.java:22)
at com.mystore.utility.Log.info(Log.java:22)
at com.mystore.utility.Log.info(Log.java:22)
at com.mystore.utility.Log.info(Log.java:22)
at com.mystore.utility.Log.info(Log.java:22)
at com.mystore.utility.Log.info(Log.java:22)
at com.mystore.utility.Log.info(Log.java:22)
at com.mystore.utility.Log.info(Log.java:22)
at com.mystore.utility.Log.info(Log.java:22)
at com.mystore.utility.Log.info(Log.java:22)
at com.mystore.utility.Log.info(Log.java:22)
at com.mystore.utility.Log.info(Log.java:22)
at com.mystore.utility.Log.info(Log.java:22)
at com.mystore.utility.Log.info(Log.java:22)
at com.mystore.utility.Log.info(Log.java:22)
at com.mystore.utility.Log.info(Log.java:22)
at com.mystore.utility.Log.info(Log.java:22)
at com.mystore.utility.Log.info(Log.java:22)
at com.mystore.utility.Log.info(Log.java:22)
at com.mystore.utility.Log.info(Log.java:22)
at com.mystore.utility.Log.info(Log.java:22)
at com.mystore.utility.Log.info(Log.java:22)
at com.mystore.utility.Log.info(Log.java:22)
at com.mystore.utility.Log.info(Log.java:22)
at com.mystore.utility.Log.info(Log.java:22)
at com.mystore.utility.Log.info(Log.java:22)
at com.mystore.utility.Log.info(Log.java:22)
at com.mystore.utility.Log.info(Log.java:22)
at com.mystore.utility.Log.info(Log.java:22)
at com.mystore.utility.Log.info(Log.java:22)
at com.mystore.utility.Log.info(Log.java:22)
at com.mystore.utility.Log.info(Log.java:22)
at com.mystore.utility.Log.info(Log.java:22)
at com.mystore.utility.Log.info(Log.java:22)
at com.mystore.utility.Log.info(Log.java:22)
at com.mystore.utility.Log.info(Log.java:22)
at com.mystore.utility.Log.info(Log.java:22)
at com.mystore.utility.Log.info(Log.java:22)
at com.mystore.utility.Log.info(Log.java:22)
at com.mystore.utility.Log.info(Log.java:22)
at com.mystore.utility.Log.info(Log.java:22)
at com.mystore.utility.Log.info(Log.java:22)
at com.mystore.utility.Log.info(Log.java:22)
at com.mystore.utility.Log.info(Log.java:22)
at com.mystore.utility.Log.info(Log.java:22)
at com.mystore.utility.Log.info(Log.java:22)
at com.mystore.utility.Log.info(Log.java:22)
at com.mystore.utility.Log.info(Log.java:22)
at com.mystore.utility.Log.info(Log.java:22)
at com.mystore.utility.Log.info(Log.java:22)
at com.mystore.utility.Log.info(Log.java:22)
at com.mystore.utility.Log.info(Log.java:22)
at com.mystore.utility.Log.info(Log.java:22)
at com.mystore.utility.Log.info(Log.java:22)
at com.mystore.utility.Log.info(Log.java:22)
at com.mystore.utility.Log.info(Log.java:22)
at com.mystore.utility.Log.info(Log.java:22)
at com.mystore.utility.Log.info(Log.java:22)
at com.mystore.utility.Log.info(Log.java:22)
at com.mystore.utility.Log.info(Log.java:22)
at com.mystore.utility.Log.info(Log.java:22)
at com.mystore.utility.Log.info(Log.java:22)
at com.mystore.utility.Log.info(Log.java:22)
at com.mystore.utility.Log.info(Log.java:22)
at com.mystore.utility.Log.info(Log.java:22)
at com.mystore.utility.Log.info(Log.java:22)
at com.mystore.utility.Log.info(Log.java:22)
at com.mystore.utility.Log.info(Log.java:22)
at com.mystore.utility.Log.info(Log.java:22)
at com.mystore.utility.Log.info(Log.java:22)
at com.mystore.utility.Log.info(Log.java:22)
at com.mystore.utility.Log.info(Log.java:22)
at com.mystore.utility.Log.info(Log.java:22)
at com.mystore.utility.Log.info(Log.java:22)
at com.mystore.utility.Log.info(Log.java:22)
at com.mystore.utility.Log.info(Log.java:22)
at com.mystore.utility.Log.info(Log.java:22)
at com.mystore.utility.Log.info(Log.java:22)
at com.mystore.utility.Log.info(Log.java:22)
at com.mystore.utility.Log.info(Log.java:22)
at com.mystore.utility.Log.info(Log.java:22)
at com.mystore.utility.Log.info(Log.java:22)
at com.mystore.utility.Log.info(Log.java:22)
at com.mystore.utility.Log.info(Log.java:22)
at com.mystore.utility.Log.info(Log.java:22)
at com.mystore.utility.Log.info(Log.java:22)
at com.mystore.utility.Log.info(Log.java:22)
at com.mystore.utility.Log.info(Log.java:22)
at com.mystore.utility.Log.info(Log.java:22)
at com.mystore.utility.Log.info(Log.java:22)
at com.mystore.utility.Log.info(Log.java:22)
at com.mystore.utility.Log.info(Log.java:22)
at com.mystore.utility.Log.info(Log.java:22)
at com.mystore.utility.Log.info(Log.java:22)
at com.mystore.utility.Log.info(Log.java:22)
at com.mystore.utility.Log.info(Log.java:22)
at com.mystore.utility.Log.info(Log.java:22)
at com.mystore.utility.Log.info(Log.java:22)
at com.mystore.utility.Log.info(Log.java:22)
at com.mystore.utility.Log.info(Log.java:22)
at com.mystore.utility.Log.info(Log.java:22)
at com.mystore.utility.Log.info(Log.java:22)
at com.mystore.utility.Log.info(Log.java:22)
at com.mystore.utility.Log.info(Log.java:22)
at com.mystore.utility.Log.info(Log.java:22)
at com.mystore.utility.Log.info(Log.java:22)
at com.mystore.utility.Log.info(Log.java:22)
at com.mystore.utility.Log.info(Log.java:22)
at com.mystore.utility.Log.info(Log.java:22)
at com.mystore.utility.Log.info(Log.java:22)
at com.mystore.utility.Log.info(Log.java:22)
at com.mystore.utility.Log.info(Log.java:22)
at com.mystore.utility.Log.info(Log.java:22)
at com.mystore.utility.Log.info(Log.java:22)
at com.mystore.utility.Log.info(Log.java:22)
at com.mystore.utility.Log.info(Log.java:22)
at com.mystore.utility.Log.info(Log.java:22)
at com.mystore.utility.Log.info(Log.java:22)
at com.mystore.utility.Log.info(Log.java:22)
at com.mystore.utility.Log.info(Log.java:22)
at com.mystore.utility.Log.info(Log.java:22)
at com.mystore.utility.Log.info(Log.java:22)
at com.mystore.utility.Log.info(Log.java:22)
at com.mystore.utility.Log.info(Log.java:22)
at com.mystore.utility.Log.info(Log.java:22)
at com.mystore.utility.Log.info(Log.java:22)
at com.mystore.utility.Log.info(Log.java:22)
at com.mystore.utility.Log.info(Log.java:22)
at com.mystore.utility.Log.info(Log.java:22)
at com.mystore.utility.Log.info(Log.java:22)
at com.mystore.utility.Log.info(Log.java:22)
at com.mystore.utility.Log.info(Log.java:22)
at com.mystore.utility.Log.info(Log.java:22)
at com.mystore.utility.Log.info(Log.java:22)
at com.mystore.utility.Log.info(Log.java:22)
at com.mystore.utility.Log.info(Log.java:22)
at com.mystore.utility.Log.info(Log.java:22)
at com.mystore.utility.Log.info(Log.java:22)
at com.mystore.utility.Log.info(Log.java:22)
at com.mystore.utility.Log.info(Log.java:22)
at com.mystore.utility.Log.info(Log.java:22)
at com.mystore.utility.Log.info(Log.java:22)
at com.mystore.utility.Log.info(Log.java:22)
at com.mystore.utility.Log.info(Log.java:22)
at com.mystore.utility.Log.info(Log.java:22)
at com.mystore.utility.Log.info(Log.java:22)
at com.mystore.utility.Log.info(Log.java:22)
at com.mystore.utility.Log.info(Log.java:22)
at com.mystore.utility.Log.info(Log.java:22)
at com.mystore.utility.Log.info(Log.java:22)
at com.mystore.utility.Log.info(Log.java:22)
at com.mystore.utility.Log.info(Log.java:22)
at com.mystore.utility.Log.info(Log.java:22)
at com.mystore.utility.Log.info(Log.java:22)
at com.mystore.utility.Log.info(Log.java:22)
at com.mystore.utility.Log.info(Log.java:22)
at com.mystore.utility.Log.info(Log.java:22)
at com.mystore.utility.Log.info(Log.java:22)
at com.mystore.utility.Log.info(Log.java:22)
at com.mystore.utility.Log.info(Log.java:22)
at com.mystore.utility.Log.info(Log.java:22)
at com.mystore.utility.Log.info(Log.java:22)
at com.mystore.utility.Log.info(Log.java:22)
at com.mystore.utility.Log.info(Log.java:22)
at com.mystore.utility.Log.info(Log.java:22)
at com.mystore.utility.Log.info(Log.java:22)
at com.mystore.utility.Log.info(Log.java:22)
at com.mystore.utility.Log.info(Log.java:22)
at com.mystore.utility.Log.info(Log.java:22)
at com.mystore.utility.Log.info(Log.java:22)
at com.mystore.utility.Log.info(Log.java:22)
at com.mystore.utility.Log.info(Log.java:22)
at com.mystore.utility.Log.info(Log.java:22)
at com.mystore.utility.Log.info(Log.java:22)
at com.mystore.utility.Log.info(Log.java:22)
at com.mystore.utility.Log.info(Log.java:22)
at com.mystore.utility.Log.info(Log.java:22)
at com.mystore.utility.Log.info(Log.java:22)
at com.mystore.utility.Log.info(Log.java:22)
at com.mystore.utility.Log.info(Log.java:22)
at com.mystore.utility.Log.info(Log.java:22)
at com.mystore.utility.Log.info(Log.java:22)
at com.mystore.utility.Log.info(Log.java:22)
at com.mystore.utility.Log.info(Log.java:22)
at com.mystore.utility.Log.info(Log.java:22)
at com.mystore.utility.Log.info(Log.java:22)
at com.mystore.utility.Log.info(Log.java:22)
at com.mystore.utility.Log.info(Log.java:22)
at com.mystore.utility.Log.info(Log.java:22)
at com.mystore.utility.Log.info(Log.java:22)
at com.mystore.utility.Log.info(Log.java:22)
at com.mystore.utility.Log.info(Log.java:22)
at com.mystore.utility.Log.info(Log.java:22)
at com.mystore.utility.Log.info(Log.java:22)
at com.mystore.utility.Log.info(Log.java:22)
at com.mystore.utility.Log.info(Log.java:22)
at com.mystore.utility.Log.info(Log.java:22)
at com.mystore.utility.Log.info(Log.java:22)
at com.mystore.utility.Log.info(Log.java:22)
at com.mystore.utility.Log.info(Log.java:22)
at com.mystore.utility.Log.info(Log.java:22)
at com.mystore.utility.Log.info(Log.java:22)
at com.mystore.utility.Log.info(Log.java:22)
at com.mystore.utility.Log.info(Log.java:22)
at com.mystore.utility.Log.info(Log.java:22)
at com.mystore.utility.Log.info(Log.java:22)
at com.mystore.utility.Log.info(Log.java:22)
at com.mystore.utility.Log.info(Log.java:22)
at com.mystore.utility.Log.info(Log.java:22)
at com.mystore.utility.Log.info(Log.java:22)
at com.mystore.utility.Log.info(Log.java:22)
at com.mystore.utility.Log.info(Log.java:22)
at com.mystore.utility.Log.info(Log.java:22)
at com.mystore.utility.Log.info(Log.java:22)
at com.mystore.utility.Log.info(Log.java:22)
at com.mystore.utility.Log.info(Log.java:22)
at com.mystore.utility.Log.info(Log.java:22)
at com.mystore.utility.Log.info(Log.java:22)
at com.mystore.utility.Log.info(Log.java:22)
at com.mystore.utility.Log.info(Log.java:22)
at com.mystore.utility.Log.info(Log.java:22)
at com.mystore.utility.Log.info(Log.java:22)
at com.mystore.utility.Log.info(Log.java:22)
at com.mystore.utility.Log.info(Log.java:22)
at com.mystore.utility.Log.info(Log.java:22)
at com.mystore.utility.Log.info(Log.java:22)
at com.mystore.utility.Log.info(Log.java:22)
at com.mystore.utility.Log.info(Log.java:22)
at com.mystore.utility.Log.info(Log.java:22)
at com.mystore.utility.Log.info(Log.java:22)
at com.mystore.utility.Log.info(Log.java:22)
at com.mystore.utility.Log.info(Log.java:22)
at com.mystore.utility.Log.info(Log.java:22)
at com.mystore.utility.Log.info(Log.java:22)
at com.mystore.utility.Log.info(Log.java:22)
at com.mystore.utility.Log.info(Log.java:22)
at com.mystore.utility.Log.info(Log.java:22)
at com.mystore.utility.Log.info(Log.java:22)
at com.mystore.utility.Log.info(Log.java:22)
at com.mystore.utility.Log.info(Log.java:22)
at com.mystore.utility.Log.info(Log.java:22)
at com.mystore.utility.Log.info(Log.java:22)
at com.mystore.utility.Log.info(Log.java:22)
at com.mystore.utility.Log.info(Log.java:22)
at com.mystore.utility.Log.info(Log.java:22)
at com.mystore.utility.Log.info(Log.java:22)
at com.mystore.utility.Log.info(Log.java:22)
at com.mystore.utility.Log.info(Log.java:22)
at com.mystore.utility.Log.info(Log.java:22)
at com.mystore.utility.Log.info(Log.java:22)
at com.mystore.utility.Log.info(Log.java:22)
at com.mystore.utility.Log.info(Log.java:22)
at com.mystore.utility.Log.info(Log.java:22)
at com.mystore.utility.Log.info(Log.java:22)
at com.mystore.utility.Log.info(Log.java:22)
at com.mystore.utility.Log.info(Log.java:22)
at com.mystore.utility.Log.info(Log.java:22)
at com.mystore.utility.Log.info(Log.java:22)
at com.mystore.utility.Log.info(Log.java:22)
at com.mystore.utility.Log.info(Log.java:22)
at com.mystore.utility.Log.info(Log.java:22)
at com.mystore.utility.Log.info(Log.java:22)
at com.mystore.utility.Log.info(Log.java:22)
at com.mystore.utility.Log.info(Log.java:22)
at com.mystore.utility.Log.info(Log.java:22)
at com.mystore.utility.Log.info(Log.java:22)
at com.mystore.utility.Log.info(Log.java:22)
at com.mystore.utility.Log.info(Log.java:22)
at com.mystore.utility.Log.info(Log.java:22)
at com.mystore.utility.Log.info(Log.java:22)
at com.mystore.utility.Log.info(Log.java:22)
at com.mystore.utility.Log.info(Log.java:22)
at com.mystore.utility.Log.info(Log.java:22)
at com.mystore.utility.Log.info(Log.java:22)
at com.mystore.utility.Log.info(Log.java:22)
at com.mystore.utility.Log.info(Log.java:22)
at com.mystore.utility.Log.info(Log.java:22)
at com.mystore.utility.Log.info(Log.java:22)
at com.mystore.utility.Log.info(Log.java:22)
at com.mystore.utility.Log.info(Log.java:22)
at com.mystore.utility.Log.info(Log.java:22)
at com.mystore.utility.Log.info(Log.java:22)
at com.mystore.utility.Log.info(Log.java:22)
at com.mystore.utility.Log.info(Log.java:22)
at com.mystore.utility.Log.info(Log.java:22)
at com.mystore.utility.Log.info(Log.java:22)
at com.mystore.utility.Log.info(Log.java:22)
at com.mystore.utility.Log.info(Log.java:22)
at com.mystore.utility.Log.info(Log.java:22)
at com.mystore.utility.Log.info(Log.java:22)
at com.mystore.utility.Log.info(Log.java:22)
at com.mystore.utility.Log.info(Log.java:22)
at com.mystore.utility.Log.info(Log.java:22)
at com.mystore.utility.Log.info(Log.java:22)
at com.mystore.utility.Log.info(Log.java:22)
at com.mystore.utility.Log.info(Log.java:22)
at com.mystore.utility.Log.info(Log.java:22)
at com.mystore.utility.Log.info(Log.java:22)
at com.mystore.utility.Log.info(Log.java:22)
at com.mystore.utility.Log.info(Log.java:22)
at com.mystore.utility.Log.info(Log.java:22)
at com.mystore.utility.Log.info(Log.java:22)
at com.mystore.utility.Log.info(Log.java:22)
at com.mystore.utility.Log.info(Log.java:22)
at com.mystore.utility.Log.info(Log.java:22)
at com.mystore.utility.Log.info(Log.java:22)
at com.mystore.utility.Log.info(Log.java:22)
at com.mystore.utility.Log.info(Log.java:22)
at com.mystore.utility.Log.info(Log.java:22)
at com.mystore.utility.Log.info(Log.java:22)
at com.mystore.utility.Log.info(Log.java:22)
at com.mystore.utility.Log.info(Log.java:22)
at com.mystore.utility.Log.info(Log.java:22)
at com.mystore.utility.Log.info(Log.java:22)
at com.mystore.utility.Log.info(Log.java:22)
at com.mystore.utility.Log.info(Log.java:22)
at com.mystore.utility.Log.info(Log.java:22)
at com.mystore.utility.Log.info(Log.java:22)
at com.mystore.utility.Log.info(Log.java:22)
at com.mystore.utility.Log.info(Log.java:22)
at com.mystore.utility.Log.info(Log.java:22)
at com.mystore.utility.Log.info(Log.java:22)
at com.mystore.utility.Log.info(Log.java:22)
at com.mystore.utility.Log.info(Log.java:22)
at com.mystore.utility.Log.info(Log.java:22)
at com.mystore.utility.Log.info(Log.java:22)
at com.mystore.utility.Log.info(Log.java:22)
at com.mystore.utility.Log.info(Log.java:22)
at com.mystore.utility.Log.info(Log.java:22)
at com.mystore.utility.Log.info(Log.java:22)
at com.mystore.utility.Log.info(Log.java:22)
at com.mystore.utility.Log.info(Log.java:22)
at com.mystore.utility.Log.info(Log.java:22)
at com.mystore.utility.Log.info(Log.java:22)
at com.mystore.utility.Log.info(Log.java:22)
at com.mystore.utility.Log.info(Log.java:22)
at com.mystore.utility.Log.info(Log.java:22)
at com.mystore.utility.Log.info(Log.java:22)
at com.mystore.utility.Log.info(Log.java:22)
at com.mystore.utility.Log.info(Log.java:22)
at com.mystore.utility.Log.info(Log.java:22)
at com.mystore.utility.Log.info(Log.java:22)
at com.mystore.utility.Log.info(Log.java:22)
at com.mystore.utility.Log.info(Log.java:22)
at com.mystore.utility.Log.info(Log.java:22)
at com.mystore.utility.Log.info(Log.java:22)
at com.mystore.utility.Log.info(Log.java:22)
at com.mystore.utility.Log.info(Log.java:22)
at com.mystore.utility.Log.info(Log.java:22)
at com.mystore.utility.Log.info(Log.java:22)
at com.mystore.utility.Log.info(Log.java:22)
at com.mystore.utility.Log.info(Log.java:22)
at com.mystore.utility.Log.info(Log.java:22)
at com.mystore.utility.Log.info(Log.java:22)
at com.mystore.utility.Log.info(Log.java:22)
at com.mystore.utility.Log.info(Log.java:22)
at com.mystore.utility.Log.info(Log.java:22)
at com.mystore.utility.Log.info(Log.java:22)
at com.mystore.utility.Log.info(Log.java:22)
at com.mystore.utility.Log.info(Log.java:22)
at com.mystore.utility.Log.info(Log.java:22)
at com.mystore.utility.Log.info(Log.java:22)
at com.mystore.utility.Log.info(Log.java:22)
at com.mystore.utility.Log.info(Log.java:22)
at com.mystore.utility.Log.info(Log.java:22)
at com.mystore.utility.Log.info(Log.java:22)
at com.mystore.utility.Log.info(Log.java:22)
at com.mystore.utility.Log.info(Log.java:22)
at com.mystore.utility.Log.info(Log.java:22)
at com.mystore.utility.Log.info(Log.java:22)
at com.mystore.utility.Log.info(Log.java:22)
at com.mystore.utility.Log.info(Log.java:22)
at com.mystore.utility.Log.info(Log.java:22)
at com.mystore.utility.Log.info(Log.java:22)
at com.mystore.utility.Log.info(Log.java:22)
at com.mystore.utility.Log.info(Log.java:22)
at com.mystore.utility.Log.info(Log.java:22)
at com.mystore.utility.Log.info(Log.java:22)
at com.mystore.utility.Log.info(Log.java:22)
at com.mystore.utility.Log.info(Log.java:22)
at com.mystore.utility.Log.info(Log.java:22)
at com.mystore.utility.Log.info(Log.java:22)
at com.mystore.utility.Log.info(Log.java:22)
at com.mystore.utility.Log.info(Log.java:22)
at com.mystore.utility.Log.info(Log.java:22)
at com.mystore.utility.Log.info(Log.java:22)
at com.mystore.utility.Log.info(Log.java:22)
at com.mystore.utility.Log.info(Log.java:22)
at com.mystore.utility.Log.info(Log.java:22)
at com.mystore.utility.Log.info(Log.java:22)
at com.mystore.utility.Log.info(Log.java:22)
at com.mystore.utility.Log.info(Log.java:22)
at com.mystore.utility.Log.info(Log.java:22)
at com.mystore.utility.Log.info(Log.java:22)
at com.mystore.utility.Log.info(Log.java:22)
at com.mystore.utility.Log.info(Log.java:22)
at com.mystore.utility.Log.info(Log.java:22)
at com.mystore.utility.Log.info(Log.java:22)
at com.mystore.utility.Log.info(Log.java:22)
at com.mystore.utility.Log.info(Log.java:22)
at com.mystore.utility.Log.info(Log.java:22)
at com.mystore.utility.Log.info(Log.java:22)
at com.mystore.utility.Log.info(Log.java:22)
at com.mystore.utility.Log.info(Log.java:22)
at com.mystore.utility.Log.info(Log.java:22)
at com.mystore.utility.Log.info(Log.java:22)
at com.mystore.utility.Log.info(Log.java:22)
at com.mystore.utility.Log.info(Log.java:22)
at com.mystore.utility.Log.info(Log.java:22)
at com.mystore.utility.Log.info(Log.java:22)
at com.mystore.utility.Log.info(Log.java:22)
at com.mystore.utility.Log.info(Log.java:22)
at com.mystore.utility.Log.info(Log.java:22)
at com.mystore.utility.Log.info(Log.java:22)
at com.mystore.utility.Log.info(Log.java:22)
at com.mystore.utility.Log.info(Log.java:22)
at com.mystore.utility.Log.info(Log.java:22)
at com.mystore.utility.Log.info(Log.java:22)
at com.mystore.utility.Log.info(Log.java:22)
at com.mystore.utility.Log.info(Log.java:22)
at com.mystore.utility.Log.info(Log.java:22)
at com.mystore.utility.Log.info(Log.java:22)
at com.mystore.utility.Log.info(Log.java:22)
at com.mystore.utility.Log.info(Log.java:22)
at com.mystore.utility.Log.info(Log.java:22)
at com.mystore.utility.Log.info(Log.java:22)
at com.mystore.utility.Log.info(Log.java:22)
at com.mystore.utility.Log.info(Log.java:22)
at com.mystore.utility.Log.info(Log.java:22)
at com.mystore.utility.Log.info(Log.java:22)
at com.mystore.utility.Log.info(Log.java:22)
at com.mystore.utility.Log.info(Log.java:22)
at com.mystore.utility.Log.info(Log.java:22)
at com.mystore.utility.Log.info(Log.java:22)
at com.mystore.utility.Log.info(Log.java:22)
at com.mystore.utility.Log.info(Log.java:22)
at com.mystore.utility.Log.info(Log.java:22)
at com.mystore.utility.Log.info(Log.java:22)
at com.mystore.utility.Log.info(Log.java:22)
at com.mystore.utility.Log.info(Log.java:22)
at com.mystore.utility.Log.info(Log.java:22)
at com.mystore.utility.Log.info(Log.java:22)
at com.mystore.utility.Log.info(Log.java:22)
at com.mystore.utility.Log.info(Log.java:22)
at com.mystore.utility.Log.info(Log.java:22)
at com.mystore.utility.Log.info(Log.java:22)
at com.mystore.utility.Log.info(Log.java:22)
at com.mystore.utility.Log.info(Log.java:22)
at com.mystore.utility.Log.info(Log.java:22)
at com.mystore.utility.Log.info(Log.java:22)
at com.mystore.utility.Log.info(Log.java:22)
at com.mystore.utility.Log.info(Log.java:22)
at com.mystore.utility.Log.info(Log.java:22)
at com.mystore.utility.Log.info(Log.java:22)
at com.mystore.utility.Log.info(Log.java:22)
at com.mystore.utility.Log.info(Log.java:22)
at com.mystore.utility.Log.info(Log.java:22)
at com.mystore.utility.Log.info(Log.java:22)
at com.mystore.utility.Log.info(Log.java:22)
at com.mystore.utility.Log.info(Log.java:22)
at com.mystore.utility.Log.info(Log.java:22)
at com.mystore.utility.Log.info(Log.java:22)
at com.mystore.utility.Log.info(Log.java:22)
at com.mystore.utility.Log.info(Log.java:22)
at com.mystore.utility.Log.info(Log.java:22)
at com.mystore.utility.Log.info(Log.java:22)
at com.mystore.utility.Log.info(Log.java:22)
at com.mystore.utility.Log.info(Log.java:22)
at com.mystore.utility.Log.info(Log.java:22)
at com.mystore.utility.Log.info(Log.java:22)
at com.mystore.utility.Log.info(Log.java:22)
at com.mystore.utility.Log.info(Log.java:22)
at com.mystore.utility.Log.info(Log.java:22)
at com.mystore.utility.Log.info(Log.java:22)
at com.mystore.utility.Log.info(Log.java:22)
at com.mystore.utility.Log.info(Log.java:22)
at com.mystore.utility.Log.info(Log.java:22)
at com.mystore.utility.Log.info(Log.java:22)
at com.mystore.utility.Log.info(Log.java:22)
at com.mystore.utility.Log.info(Log.java:22)
at com.mystore.utility.Log.info(Log.java:22)
at com.mystore.utility.Log.info(Log.java:22)
at com.mystore.utility.Log.info(Log.java:22)
at com.mystore.utility.Log.info(Log.java:22)
at com.mystore.utility.Log.info(Log.java:22)
at com.mystore.utility.Log.info(Log.java:22)
at com.mystore.utility.Log.info(Log.java:22)
at com.mystore.utility.Log.info(Log.java:22)
at com.mystore.utility.Log.info(Log.java:22)
at com.mystore.utility.Log.info(Log.java:22)
at com.mystore.utility.Log.info(Log.java:22)
at com.mystore.utility.Log.info(Log.java:22)
at com.mystore.utility.Log.info(Log.java:22)
at com.mystore.utility.Log.info(Log.java:22)
at com.mystore.utility.Log.info(Log.java:22)
at com.mystore.utility.Log.info(Log.java:22)
at com.mystore.utility.Log.info(Log.java:22)
at com.mystore.utility.Log.info(Log.java:22)
at com.mystore.utility.Log.info(Log.java:22)
at com.mystore.utility.Log.info(Log.java:22)
at com.mystore.utility.Log.info(Log.java:22)
at com.mystore.utility.Log.info(Log.java:22)
at com.mystore.utility.Log.info(Log.java:22)
at com.mystore.utility.Log.info(Log.java:22)
at com.mystore.utility.Log.info(Log.java:22)
at com.mystore.utility.Log.info(Log.java:22)
at com.mystore.utility.Log.info(Log.java:22)
at com.mystore.utility.Log.info(Log.java:22)
at com.mystore.utility.Log.info(Log.java:22)
at com.mystore.utility.Log.info(Log.java:22)
at com.mystore.utility.Log.info(Log.java:22)
at com.mystore.utility.Log.info(Log.java:22)
at com.mystore.utility.Log.info(Log.java:22)
at com.mystore.utility.Log.info(Log.java:22)
at com.mystore.utility.Log.info(Log.java:22)
at com.mystore.utility.Log.info(Log.java:22)
at com.mystore.utility.Log.info(Log.java:22)
at com.mystore.utility.Log.info(Log.java:22)
at com.mystore.utility.Log.info(Log.java:22)
at com.mystore.utility.Log.info(Log.java:22)
at com.mystore.utility.Log.info(Log.java:22)
at com.mystore.utility.Log.info(Log.java:22)
at com.mystore.utility.Log.info(Log.java:22)
at com.mystore.utility.Log.info(Log.java:22)
at com.mystore.utility.Log.info(Log.java:22)
at com.mystore.utility.Log.info(Log.java:22)
at com.mystore.utility.Log.info(Log.java:22)
at com.mystore.utility.Log.info(Log.java:22)
at com.mystore.utility.Log.info(Log.java:22)
at com.mystore.utility.Log.info(Log.java:22)
at com.mystore.utility.Log.info(Log.java:22)
at com.mystore.utility.Log.info(Log.java:22)
at com.mystore.utility.Log.info(Log.java:22)
at com.mystore.utility.Log.info(Log.java:22)
at com.mystore.utility.Log.info(Log.java:22)
at com.mystore.utility.Log.info(Log.java:22)
at com.mystore.utility.Log.info(Log.java:22)
at com.mystore.utility.Log.info(Log.java:22)
at com.mystore.utility.Log.info(Log.java:22)
at com.mystore.utility.Log.info(Log.java:22)
at com.mystore.utility.Log.info(Log.java:22)
at com.mystore.utility.Log.info(Log.java:22)
at com.mystore.utility.Log.info(Log.java:22)
at com.mystore.utility.Log.info(Log.java:22)
at com.mystore.utility.Log.info(Log.java:22)
at com.mystore.utility.Log.info(Log.java:22)
at com.mystore.utility.Log.info(Log.java:22)
at com.mystore.utility.Log.info(Log.java:22)
at com.mystore.utility.Log.info(Log.java:22)
at com.mystore.utility.Log.info(Log.java:22)
at com.mystore.utility.Log.info(Log.java:22)
at com.mystore.utility.Log.info(Log.java:22)
at com.mystore.utility.Log.info(Log.java:22)
at com.mystore.utility.Log.info(Log.java:22)
at com.mystore.utility.Log.info(Log.java:22)
at com.mystore.utility.Log.info(Log.java:22)
at com.mystore.utility.Log.info(Log.java:22)
at com.mystore.utility.Log.info(Log.java:22)
at com.mystore.utility.Log.info(Log.java:22)
at com.mystore.utility.Log.info(Log.java:22)
at com.mystore.utility.Log.info(Log.java:22)
at com.mystore.utility.Log.info(Log.java:22)
at com.mystore.utility.Log.info(Log.java:22)
at com.mystore.utility.Log.info(Log.java:22)
at com.mystore.utility.Log.info(Log.java:22)
at com.mystore.utility.Log.info(Log.java:22)
at com.mystore.utility.Log.info(Log.java:22)
at com.mystore.utility.Log.info(Log.java:22)
at com.mystore.utility.Log.info(Log.java:22)
at com.mystore.utility.Log.info(Log.java:22)
at com.mystore.utility.Log.info(Log.java:22)
at com.mystore.utility.Log.info(Log.java:22)
at com.mystore.utility.Log.info(Log.java:22)
at com.mystore.utility.Log.info(Log.java:22)
at com.mystore.utility.Log.info(Log.java:22)
at com.mystore.utility.Log.info(Log.java:22)
at com.mystore.utility.Log.info(Log.java:22)
at com.mystore.utility.Log.info(Log.java:22)
at com.mystore.utility.Log.info(Log.java:22)
at com.mystore.utility.Log.info(Log.java:22)
at com.mystore.utility.Log.info(Log.java:22)
at com.mystore.utility.Log.info(Log.java:22)
at com.mystore.utility.Log.info(Log.java:22)
at com.mystore.utility.Log.info(Log.java:22)
at com.mystore.utility.Log.info(Log.java:22)
at com.mystore.utility.Log.info(Log.java:22)
at com.mystore.utility.Log.info(Log.java:22)
at com.mystore.utility.Log.info(Log.java:22)
at com.mystore.utility.Log.info(Log.java:22)
at com.mystore.utility.Log.info(Log.java:22)
at com.mystore.utility.Log.info(Log.java:22)
at com.mystore.utility.Log.info(Log.java:22)
at com.mystore.utility.Log.info(Log.java:22)
at com.mystore.utility.Log.info(Log.java:22)
at com.mystore.utility.Log.info(Log.java:22)
at com.mystore.utility.Log.info(Log.java:22)
at com.mystore.utility.Log.info(Log.java:22)
at com.mystore.utility.Log.info(Log.java:22)
at com.mystore.utility.Log.info(Log.java:22)
at com.mystore.utility.Log.info(Log.java:22)
at com.mystore.utility.Log.info(Log.java:22)
at com.mystore.utility.Log.info(Log.java:22)
at com.mystore.utility.Log.info(Log.java:22)
at com.mystore.utility.Log.info(Log.java:22)
at com.mystore.utility.Log.info(Log.java:22)
at com.mystore.utility.Log.info(Log.java:22)
at com.mystore.utility.Log.info(Log.java:22)
at com.mystore.utility.Log.info(Log.java:22)
at com.mystore.utility.Log.info(Log.java:22)
at com.mystore.utility.Log.info(Log.java:22)
at com.mystore.utility.Log.info(Log.java:22)
at com.mystore.utility.Log.info(Log.java:22)
at com.mystore.utility.Log.info(Log.java:22)
at com.mystore.utility.Log.info(Log.java:22)
at com.mystore.utility.Log.info(Log.java:22)
at com.mystore.utility.Log.info(Log.java:22)
at com.mystore.utility.Log.info(Log.java:22)
at com.mystore.utility.Log.info(Log.java:22)
at com.mystore.utility.Log.info(Log.java:22)
at com.mystore.utility.Log.info(Log.java:22)
at com.mystore.utility.Log.info(Log.java:22)
at com.mystore.utility.Log.info(Log.java:22)
at com.mystore.utility.Log.info(Log.java:22)
at com.mystore.utility.Log.info(Log.java:22)
at com.mystore.utility.Log.info(Log.java:22)
at com.mystore.utility.Log.info(Log.java:22)
at com.mystore.utility.Log.info(Log.java:22)
at com.mystore.utility.Log.info(Log.java:22)
at com.mystore.utility.Log.info(Log.java:22)
at com.mystore.utility.Log.info(Log.java:22)
at com.mystore.utility.Log.info(Log.java:22)
at com.mystore.utility.Log.info(Log.java:22)
at com.mystore.utility.Log.info(Log.java:22)
at com.mystore.utility.Log.info(Log.java:22)
at com.mystore.utility.Log.info(Log.java:22)
at com.mystore.utility.Log.info(Log.java:22)
at com.mystore.utility.Log.info(Log.java:22)
at com.mystore.utility.Log.info(Log.java:22)
at com.mystore.utility.Log.info(Log.java:22)
at com.mystore.utility.Log.info(Log.java:22)
at com.mystore.utility.Log.info(Log.java:22)
at com.mystore.utility.Log.info(Log.java:22)
at com.mystore.utility.Log.info(Log.java:22)
at com.mystore.utility.Log.info(Log.java:22)
at com.mystore.utility.Log.info(Log.java:22)
at com.mystore.utility.Log.info(Log.java:22)
at com.mystore.utility.Log.info(Log.java:22)
at com.mystore.utility.Log.info(Log.java:22)
at com.mystore.utility.Log.info(Log.java:22)
at com.mystore.utility.Log.info(Log.java:22)
at com.mystore.utility.Log.info(Log.java:22)
at com.mystore.utility.Log.info(Log.java:22)
at com.mystore.utility.Log.info(Log.java:22)
at com.mystore.utility.Log.info(Log.java:22)
at com.mystore.utility.Log.info(Log.java:22)
at com.mystore.utility.Log.info(Log.java:22)
at com.mystore.utility.Log.info(Log.java:22)
at com.mystore.utility.Log.info(Log.java:22)
at com.mystore.utility.Log.info(Log.java:22)
at com.mystore.utility.Log.info(Log.java:22)
at com.mystore.utility.Log.info(Log.java:22)
at com.mystore.utility.Log.info(Log.java:22)
at com.mystore.utility.Log.info(Log.java:22)
at com.mystore.utility.Log.info(Log.java:22)
at com.mystore.utility.Log.info(Log.java:22)
at com.mystore.utility.Log.info(Log.java:22)
at com.mystore.utility.Log.info(Log.java:22)
at com.mystore.utility.Log.info(Log.java:22)
at com.mystore.utility.Log.info(Log.java:22)
at com.mystore.utility.Log.info(Log.java:22)
at com.mystore.utility.Log.info(Log.java:22)
at com.mystore.utility.Log.info(Log.java:22)
at com.mystore.utility.Log.info(Log.java:22)
at com.mystore.utility.Log.info(Log.java:22)
at com.mystore.utility.Log.info(Log.java:22)
at com.mystore.utility.Log.info(Log.java:22)
at com.mystore.utility.Log.info(Log.java:22)
at com.mystore.utility.Log.info(Log.java:22)
at com.mystore.utility.Log.info(Log.java:22)
at com.mystore.utility.Log.info(Log.java:22)
at com.mystore.utility.Log.info(Log.java:22)
at com.mystore.utility.Log.info(Log.java:22)
at com.mystore.utility.Log.info(Log.java:22)
at com.mystore.utility.Log.info(Log.java:22)
at com.mystore.utility.Log.info(Log.java:22)
at com.mystore.utility.Log.info(Log.java:22)
at com.mystore.utility.Log.info(Log.java:22)
at com.mystore.utility.Log.info(Log.java:22)
at com.mystore.utility.Log.info(Log.java:22)
at com.mystore.utility.Log.info(Log.java:22)
at com.mystore.utility.Log.info(Log.java:22)
at com.mystore.utility.Log.info(Log.java:22)
at com.mystore.utility.Log.info(Log.java:22)
at com.mystore.utility.Log.info(Log.java:22)
at com.mystore.utility.Log.info(Log.java:22)
at com.mystore.utility.Log.info(Log.java:22)
at com.mystore.utility.Log.info(Log.java:22)
at com.mystore.utility.Log.info(Log.java:22)
at com.mystore.utility.Log.info(Log.java:22)
at com.mystore.utility.Log.info(Log.java:22)
at com.mystore.utility.Log.info(Log.java:22)
at com.mystore.utility.Log.info(Log.java:22)
at com.mystore.utility.Log.info(Log.java:22)
at com.mystore.utility.Log.info(Log.java:22)
at com.mystore.utility.Log.info(Log.java:22)
at com.mystore.utility.Log.info(Log.java:22)
at com.mystore.utility.Log.info(Log.java:22)
at com.mystore.utility.Log.info(Log.java:22)
at com.mystore.utility.Log.info(Log.java:22)
at com.mystore.utility.Log.info(Log.java:22)
at com.mystore.utility.Log.info(Log.java:22)
at com.mystore.utility.Log.info(Log.java:22)
at com.mystore.utility.Log.info(Log.java:22)
at com.mystore.utility.Log.info(Log.java:22)
at com.mystore.utility.Log.info(Log.java:22)
at com.mystore.utility.Log.info(Log.java:22)
at com.mystore.utility.Log.info(Log.java:22)
at com.mystore.utility.Log.info(Log.java:22)
at com.mystore.utility.Log.info(Log.java:22)
at com.mystore.utility.Log.info(Log.java:22)
at com.mystore.utility.Log.info(Log.java:22)
at com.mystore.utility.Log.info(Log.java:22)
at com.mystore.utility.Log.info(Log.java:22)
at com.mystore.utility.Log.info(Log.java:22)
at com.mystore.utility.Log.info(Log.java:22)
at com.mystore.utility.Log.info(Log.java:22)
at com.mystore.utility.Log.info(Log.java:22)
at com.mystore.utility.Log.info(Log.java:22)
at com.mystore.utility.Log.info(Log.java:22)
at com.mystore.utility.Log.info(Log.java:22)
at com.mystore.utility.Log.info(Log.java:22)
at com.mystore.utility.Log.info(Log.java:22)
at com.mystore.utility.Log.info(Log.java:22)
at com.mystore.utility.Log.info(Log.java:22)
at com.mystore.utility.Log.info(Log.java:22)
at com.mystore.utility.Log.info(Log.java:22)
at com.mystore.utility.Log.info(Log.java:22)
at com.mystore.utility.Log.info(Log.java:22)
at com.mystore.utility.Log.info(Log.java:22)
at com.mystore.utility.Log.info(Log.java:22)
at com.mystore.utility.Log.info(Log.java:22)
at com.mystore.utility.Log.info(Log.java:22)
at com.mystore.utility.Log.info(Log.java:22)
at com.mystore.utility.Log.info(Log.java:22)
at com.mystore.utility.Log.info(Log.java:22)
at com.mystore.utility.Log.info(Log.java:22)
at com.mystore.utility.Log.info(Log.java:22)
at com.mystore.utility.Log.info(Log.java:22)
at com.mystore.utility.Log.info(Log.java:22)
at com.mystore.utility.Log.info(Log.java:22)
at com.mystore.utility.Log.info(Log.java:22)
at com.mystore.utility.Log.info(Log.java:22)
at com.mystore.utility.Log.info(Log.java:22)
]]>
            </full-stacktrace>
          </exception> <!-- java.lang.StackOverflowError -->
          <reporter-output>
          </reporter-output>
        </test-method> <!-- loginTest -->
        <test-method is-config="true" signature="tearDown()[pri:0, instance:com.mystore.testcases.LoginPageTest@49e53c76]" started-at="2022-03-01T23:26:17 IST" name="tearDown" finished-at="2022-03-01T23:26:21 IST" duration-ms="4270" status="PASS">
          <reporter-output>
          </reporter-output>
        </test-method> <!-- tearDown -->
      </class> <!-- com.mystore.testcases.LoginPageTest -->
    </test> <!-- Default test -->
  </suite> <!-- Default suite -->
</testng-results>
